#
# There is insufficient memory for the Java Runtime Environment to continue.
# Native memory allocation (malloc) failed to allocate 478576 bytes for Chunk::new
# Possible reasons:
#   The system is out of physical RAM or swap space
#   The process is running with CompressedOops enabled, and the Java Heap may be blocking the growth of the native heap
# Possible solutions:
#   Reduce memory load on the system
#   Increase physical memory or swap space
#   Check if swap backing store is full
#   Decrease Java heap size (-Xmx/-Xms)
#   Decrease number of Java threads
#   Decrease Java thread stack sizes (-Xss)
#   Set larger code cache with -XX:ReservedCodeCacheSize=
#   JVM is running with Zero Based Compressed Oops mode in which the Java heap is
#     placed in the first 32GB address space. The Java Heap base address is the
#     maximum limit for the native heap growth. Please use -XX:HeapBaseMinAddress
#     to set the Java Heap base and to place the Java Heap above 32GB virtual address.
# This output file may be truncated or incomplete.
#
#  Out of Memory Error (arena.cpp:168), pid=8740, tid=11384
#
# JRE version: Java(TM) SE Runtime Environment (21.0.6+8) (build 21.0.6+8-LTS-188)
# Java VM: Java HotSpot(TM) 64-Bit Server VM (21.0.6+8-LTS-188, mixed mode, sharing, tiered, compressed oops, compressed class ptrs, g1 gc, windows-amd64)
# No core dump will be written. Minidumps are not enabled by default on client versions of Windows
#

---------------  S U M M A R Y ------------

Command Line: --add-opens=java.base/java.lang=ALL-UNNAMED --add-opens=java.base/java.lang.invoke=ALL-UNNAMED --add-opens=java.base/java.util=ALL-UNNAMED --add-opens=java.prefs/java.util.prefs=ALL-UNNAMED --add-exports=jdk.compiler/com.sun.tools.javac.api=ALL-UNNAMED --add-exports=jdk.compiler/com.sun.tools.javac.util=ALL-UNNAMED --add-opens=java.base/java.util=ALL-UNNAMED --add-opens=java.prefs/java.util.prefs=ALL-UNNAMED --add-opens=java.base/java.nio.charset=ALL-UNNAMED --add-opens=java.base/java.net=ALL-UNNAMED --add-opens=java.base/java.util.concurrent.atomic=ALL-UNNAMED --add-opens=java.xml/javax.xml.namespace=ALL-UNNAMED -Xmx4G -Dfile.encoding=UTF-8 -Duser.country=BR -Duser.language=pt -Duser.variant -javaagent:C:\Users\Eduardo12B\.gradle\wrapper\dists\gradle-8.12.1-bin\eumc4uhoysa37zql93vfjkxy0\gradle-8.12.1\lib\agents\gradle-instrumentation-agent-8.12.1.jar org.gradle.launcher.daemon.bootstrap.GradleDaemon 8.12.1

Host: Intel(R) Core(TM) i7-7700 CPU @ 3.60GHz, 4 cores, 7G,  Windows 10 , 64 bit Build 19041 (10.0.19041.5915)
Time: Fri Mar  6 21:13:45 2026 Hora oficial do Brasil elapsed time: 104.126812 seconds (0d 0h 1m 44s)

---------------  T H R E A D  ---------------

Current thread (0x000001d5dfe80560):  JavaThread "C2 CompilerThread0" daemon [_thread_in_native, id=11384, stack(0x00000076d7800000,0x00000076d7900000) (1024K)]


Current CompileTask:
C2: 104127 14007   !   4       org.jetbrains.kotlin.metadata.ProtoBuf$Class::<init> (2890 bytes)

Stack: [0x00000076d7800000,0x00000076d7900000]
Native frames: (J=compiled Java code, j=interpreted, Vv=VM code, C=native code)
V  [jvm.dll+0x6ca6d9]
V  [jvm.dll+0x854f51]
V  [jvm.dll+0x85747e]
V  [jvm.dll+0x857b53]
V  [jvm.dll+0x27dcc6]
V  [jvm.dll+0xc4c2d]
V  [jvm.dll+0xc5163]
V  [jvm.dll+0x5d5ce9]
V  [jvm.dll+0x381884]
V  [jvm.dll+0x380cca]
V  [jvm.dll+0x246920]
V  [jvm.dll+0x245eff]
V  [jvm.dll+0x1c6d2e]
V  [jvm.dll+0x2554f9]
V  [jvm.dll+0x253a8a]
V  [jvm.dll+0x3ee576]
V  [jvm.dll+0x7ff2fb]
V  [jvm.dll+0x6c8dbd]
C  [ucrtbase.dll+0x21bb2]
C  [KERNEL32.DLL+0x17374]
C  [ntdll.dll+0x4cc91]


---------------  P R O C E S S  ---------------

Threads class SMR info:
_java_thread_list=0x000001d62af13e50, length=39, elements={
0x000001d5bf3f8fc0, 0x000001d5dfe64840, 0x000001d5dfe65540, 0x000001d5dfe68be0,
0x000001d5dfe6b8f0, 0x000001d5dfe76360, 0x000001d5dfe780d0, 0x000001d5dfe80560,
0x000001d5dfe85010, 0x000001d5dfe78760, 0x000001d5dfe77a40, 0x000001d5dfe78df0,
0x000001d5dfe79480, 0x000001d5dfe79b10, 0x000001d5dfe7a1a0, 0x000001d5dfe7a830,
0x000001d5dfe773b0, 0x000001d626a95580, 0x000001d626a94860, 0x000001d626a92e20,
0x000001d626a98a00, 0x000001d626a95c10, 0x000001d626a934b0, 0x000001d626a941d0,
0x000001d626a93b40, 0x000001d626a94ef0, 0x000001d626a92100, 0x000001d626a91a70,
0x000001d626a96fc0, 0x000001d626a962a0, 0x000001d626a96930, 0x000001d626a92790,
0x000001d626a98370, 0x000001d6274f4b70, 0x000001d6274f37c0, 0x000001d6274f2aa0,
0x000001d6274f44e0, 0x000001d638072f40, 0x000001d638557a20
}

Java Threads: ( => current thread )
  0x000001d5bf3f8fc0 JavaThread "main"                              [_thread_blocked, id=14320, stack(0x00000076d6a00000,0x00000076d6b00000) (1024K)]
  0x000001d5dfe64840 JavaThread "Reference Handler"          daemon [_thread_blocked, id=12836, stack(0x00000076d7200000,0x00000076d7300000) (1024K)]
  0x000001d5dfe65540 JavaThread "Finalizer"                  daemon [_thread_blocked, id=12660, stack(0x00000076d7300000,0x00000076d7400000) (1024K)]
  0x000001d5dfe68be0 JavaThread "Signal Dispatcher"          daemon [_thread_blocked, id=9336, stack(0x00000076d7400000,0x00000076d7500000) (1024K)]
  0x000001d5dfe6b8f0 JavaThread "Attach Listener"            daemon [_thread_blocked, id=8244, stack(0x00000076d7500000,0x00000076d7600000) (1024K)]
  0x000001d5dfe76360 JavaThread "Service Thread"             daemon [_thread_blocked, id=9960, stack(0x00000076d7600000,0x00000076d7700000) (1024K)]
  0x000001d5dfe780d0 JavaThread "Monitor Deflation Thread"   daemon [_thread_blocked, id=13624, stack(0x00000076d7700000,0x00000076d7800000) (1024K)]
=>0x000001d5dfe80560 JavaThread "C2 CompilerThread0"         daemon [_thread_in_native, id=11384, stack(0x00000076d7800000,0x00000076d7900000) (1024K)]
  0x000001d5dfe85010 JavaThread "C1 CompilerThread0"         daemon [_thread_blocked, id=1052, stack(0x00000076d7900000,0x00000076d7a00000) (1024K)]
  0x000001d5dfe78760 JavaThread "Common-Cleaner"             daemon [_thread_blocked, id=13292, stack(0x00000076d7a00000,0x00000076d7b00000) (1024K)]
  0x000001d5dfe77a40 JavaThread "Notification Thread"        daemon [_thread_blocked, id=13580, stack(0x00000076d7b00000,0x00000076d7c00000) (1024K)]
  0x000001d5dfe78df0 JavaThread "Daemon health stats"               [_thread_blocked, id=11652, stack(0x00000076d7f00000,0x00000076d8000000) (1024K)]
  0x000001d5dfe79480 JavaThread "Incoming local TCP Connector on port 63402"        [_thread_in_native, id=12388, stack(0x00000076d8000000,0x00000076d8100000) (1024K)]
  0x000001d5dfe79b10 JavaThread "Daemon periodic checks"            [_thread_blocked, id=6732, stack(0x00000076d8100000,0x00000076d8200000) (1024K)]
  0x000001d5dfe7a1a0 JavaThread "Daemon"                            [_thread_blocked, id=6816, stack(0x00000076d8200000,0x00000076d8300000) (1024K)]
  0x000001d5dfe7a830 JavaThread "Handler for socket connection from /127.0.0.1:63402 to /127.0.0.1:63403"        [_thread_in_native, id=364, stack(0x00000076d8300000,0x00000076d8400000) (1024K)]
  0x000001d5dfe773b0 JavaThread "Cancel handler"                    [_thread_blocked, id=12268, stack(0x00000076d8400000,0x00000076d8500000) (1024K)]
  0x000001d626a95580 JavaThread "Daemon worker"                     [_thread_in_Java, id=10752, stack(0x00000076d8500000,0x00000076d8600000) (1024K)]
  0x000001d626a94860 JavaThread "Asynchronous log dispatcher for DefaultDaemonConnection: socket connection from /127.0.0.1:63402 to /127.0.0.1:63403"        [_thread_blocked, id=13424, stack(0x00000076d8600000,0x00000076d8700000) (1024K)]
  0x000001d626a92e20 JavaThread "Stdin handler"                     [_thread_blocked, id=3736, stack(0x00000076d8700000,0x00000076d8800000) (1024K)]
  0x000001d626a98a00 JavaThread "Daemon client event forwarder"        [_thread_blocked, id=8496, stack(0x00000076d8800000,0x00000076d8900000) (1024K)]
  0x000001d626a95c10 JavaThread "Cache worker for journal cache (C:\Users\Eduardo12B\.gradle\caches\journal-1)"        [_thread_blocked, id=7360, stack(0x00000076d8900000,0x00000076d8a00000) (1024K)]
  0x000001d626a934b0 JavaThread "File lock request listener"        [_thread_in_native, id=10600, stack(0x00000076d8a00000,0x00000076d8b00000) (1024K)]
  0x000001d626a941d0 JavaThread "Cache worker for file hash cache (C:\Users\Eduardo12B\.gradle\caches\8.12.1\fileHashes)"        [_thread_blocked, id=13288, stack(0x00000076d8b00000,0x00000076d8c00000) (1024K)]
  0x000001d626a93b40 JavaThread "Cache worker for file hash cache (C:\Users\Eduardo12B\Desktop\b_LJpw77NuwKE-1772840336626\.gradle\8.12.1\fileHashes)"        [_thread_blocked, id=5148, stack(0x00000076d8d00000,0x00000076d8e00000) (1024K)]
  0x000001d626a94ef0 JavaThread "Cache worker for Build Output Cleanup Cache (C:\Users\Eduardo12B\Desktop\b_LJpw77NuwKE-1772840336626\.gradle\buildOutputCleanup)"        [_thread_blocked, id=12728, stack(0x00000076d8e00000,0x00000076d8f00000) (1024K)]
  0x000001d626a92100 JavaThread "File watcher server"        daemon [_thread_in_native, id=6240, stack(0x00000076d8f00000,0x00000076d9000000) (1024K)]
  0x000001d626a91a70 JavaThread "File watcher consumer"      daemon [_thread_blocked, id=13564, stack(0x00000076d9000000,0x00000076d9100000) (1024K)]
  0x000001d626a96fc0 JavaThread "Cache worker for checksums cache (C:\Users\Eduardo12B\Desktop\b_LJpw77NuwKE-1772840336626\.gradle\8.12.1\checksums)"        [_thread_blocked, id=13248, stack(0x00000076d9100000,0x00000076d9200000) (1024K)]
  0x000001d626a962a0 JavaThread "Cache worker for file content cache (C:\Users\Eduardo12B\.gradle\caches\8.12.1\fileContent)"        [_thread_blocked, id=14164, stack(0x00000076d9200000,0x00000076d9300000) (1024K)]
  0x000001d626a96930 JavaThread "Cache worker for cache directory md-rule (C:\Users\Eduardo12B\.gradle\caches\8.12.1\md-rule)"        [_thread_blocked, id=14312, stack(0x00000076d8c00000,0x00000076d8d00000) (1024K)]
  0x000001d626a92790 JavaThread "Cache worker for cache directory md-supplier (C:\Users\Eduardo12B\.gradle\caches\8.12.1\md-supplier)"        [_thread_blocked, id=13392, stack(0x00000076d9300000,0x00000076d9400000) (1024K)]
  0x000001d626a98370 JavaThread "Unconstrained build operations"        [_thread_blocked, id=8276, stack(0x00000076d9400000,0x00000076d9500000) (1024K)]
  0x000001d6274f4b70 JavaThread "Unconstrained build operations Thread 2"        [_thread_blocked, id=2000, stack(0x00000076d9500000,0x00000076d9600000) (1024K)]
  0x000001d6274f37c0 JavaThread "Unconstrained build operations Thread 3"        [_thread_blocked, id=9244, stack(0x00000076d9600000,0x00000076d9700000) (1024K)]
  0x000001d6274f2aa0 JavaThread "Memory manager"                    [_thread_blocked, id=12448, stack(0x00000076d9800000,0x00000076d9900000) (1024K)]
  0x000001d6274f44e0 JavaThread "File lock release action executor"        [_thread_blocked, id=12024, stack(0x00000076d6800000,0x00000076d6900000) (1024K)]
  0x000001d638072f40 JavaThread "Unconstrained build operations Thread 4"        [_thread_blocked, id=8492, stack(0x00000076d9700000,0x00000076d9800000) (1024K)]
  0x000001d638557a20 JavaThread "Unconstrained build operations Thread 5"        [_thread_blocked, id=14316, stack(0x00000076d6700000,0x00000076d6800000) (1024K)]
Total: 39

Other Threads:
  0x000001d5dfe4ebb0 VMThread "VM Thread"                           [id=7688, stack(0x00000076d7100000,0x00000076d7200000) (1024K)]
  0x000001d5dfe3c090 WatcherThread "VM Periodic Task Thread"        [id=13752, stack(0x00000076d7000000,0x00000076d7100000) (1024K)]
  0x000001d5bf62e4f0 WorkerThread "GC Thread#0"                     [id=1132, stack(0x00000076d6b00000,0x00000076d6c00000) (1024K)]
  0x000001d6252a6e20 WorkerThread "GC Thread#1"                     [id=7604, stack(0x00000076d7c00000,0x00000076d7d00000) (1024K)]
  0x000001d6252a71c0 WorkerThread "GC Thread#2"                     [id=11960, stack(0x00000076d7d00000,0x00000076d7e00000) (1024K)]
  0x000001d625c30c30 WorkerThread "GC Thread#3"                     [id=13964, stack(0x00000076d7e00000,0x00000076d7f00000) (1024K)]
  0x000001d5bf63c370 ConcurrentGCThread "G1 Main Marker"            [id=4832, stack(0x00000076d6c00000,0x00000076d6d00000) (1024K)]
  0x000001d5bf4bdfa0 WorkerThread "G1 Conc#0"                       [id=11848, stack(0x00000076d6d00000,0x00000076d6e00000) (1024K)]
  0x000001d5dfd110a0 ConcurrentGCThread "G1 Refine#0"               [id=6648, stack(0x00000076d6e00000,0x00000076d6f00000) (1024K)]
  0x000001d5dfd11ab0 ConcurrentGCThread "G1 Service"                [id=13852, stack(0x00000076d6f00000,0x00000076d7000000) (1024K)]
Total: 10

Threads with active compile tasks:
C2 CompilerThread0   104184 14007   !   4       org.jetbrains.kotlin.metadata.ProtoBuf$Class::<init> (2890 bytes)
Total: 1

VM state: not at safepoint (normal execution)

VM Mutex/Monitor currently owned by a thread: None

Heap address: 0x0000000700000000, size: 4096 MB, Compressed Oops mode: Zero based, Oop shift amount: 3

CDS archive(s) mapped at: [0x000001d5e0000000-0x000001d5e0c90000-0x000001d5e0c90000), size 13172736, SharedBaseAddress: 0x000001d5e0000000, ArchiveRelocationMode: 1.
Compressed class space mapped at: 0x000001d5e1000000-0x000001d621000000, reserved size: 1073741824
Narrow klass base: 0x000001d5e0000000, Narrow klass shift: 0, Narrow klass range: 0x100000000

GC Precious Log:
 CardTable entry size: 512
 Card Set container configuration: InlinePtr #cards 4 size 8 Array Of Cards #cards 16 size 48 Howl #buckets 8 coarsen threshold 3686 Howl Bitmap #cards 512 size 80 coarsen threshold 460 Card regions per heap region 1 cards per card region 4096
 CPUs: 4 total, 4 available
 Memory: 8151M
 Large Page Support: Disabled
 NUMA Support: Disabled
 Compressed Oops: Enabled (Zero based)
 Heap Region Size: 2M
 Heap Min Capacity: 8M
 Heap Initial Capacity: 128M
 Heap Max Capacity: 4G
 Pre-touch: Disabled
 Parallel Workers: 4
 Concurrent Workers: 1
 Concurrent Refinement Workers: 4
 Periodic GC: Disabled

Heap:
 garbage-first heap   total 243712K, used 167349K [0x0000000700000000, 0x0000000800000000)
  region size 2048K, 26 young (53248K), 6 survivors (12288K)
 Metaspace       used 122152K, committed 124800K, reserved 1179648K
  class space    used 15713K, committed 17024K, reserved 1048576K

Heap Regions: E=young(eden), S=young(survivor), O=old, HS=humongous(starts), HC=humongous(continues), CS=collection set, F=free, TAMS=top-at-mark-start, PB=parsable bottom
|   0|0x0000000700000000, 0x0000000700200000, 0x0000000700200000|100%|HS|  |TAMS 0x0000000700000000| PB 0x0000000700000000| Complete 
|   1|0x0000000700200000, 0x0000000700400000, 0x0000000700400000|100%|HC|  |TAMS 0x0000000700200000| PB 0x0000000700200000| Complete 
|   2|0x0000000700400000, 0x0000000700600000, 0x0000000700600000|100%| O|  |TAMS 0x0000000700400000| PB 0x0000000700400000| Untracked 
|   3|0x0000000700600000, 0x0000000700800000, 0x0000000700800000|100%| O|  |TAMS 0x0000000700600000| PB 0x0000000700600000| Untracked 
|   4|0x0000000700800000, 0x0000000700a00000, 0x0000000700a00000|100%| O|  |TAMS 0x0000000700800000| PB 0x0000000700800000| Untracked 
|   5|0x0000000700a00000, 0x0000000700c00000, 0x0000000700c00000|100%| O|  |TAMS 0x0000000700a00000| PB 0x0000000700a00000| Untracked 
|   6|0x0000000700c00000, 0x0000000700e00000, 0x0000000700e00000|100%| O|  |TAMS 0x0000000700c00000| PB 0x0000000700c00000| Untracked 
|   7|0x0000000700e00000, 0x0000000701000000, 0x0000000701000000|100%| O|  |TAMS 0x0000000700e00000| PB 0x0000000700e00000| Untracked 
|   8|0x0000000701000000, 0x0000000701200000, 0x0000000701200000|100%| O|  |TAMS 0x0000000701000000| PB 0x0000000701000000| Untracked 
|   9|0x0000000701200000, 0x0000000701400000, 0x0000000701400000|100%| O|  |TAMS 0x0000000701200000| PB 0x0000000701200000| Untracked 
|  10|0x0000000701400000, 0x0000000701600000, 0x0000000701600000|100%| O|  |TAMS 0x0000000701400000| PB 0x0000000701400000| Untracked 
|  11|0x0000000701600000, 0x0000000701800000, 0x0000000701800000|100%| O|  |TAMS 0x0000000701600000| PB 0x0000000701600000| Untracked 
|  12|0x0000000701800000, 0x0000000701a00000, 0x0000000701a00000|100%| O|  |TAMS 0x0000000701800000| PB 0x0000000701800000| Untracked 
|  13|0x0000000701a00000, 0x0000000701c00000, 0x0000000701c00000|100%| O|  |TAMS 0x0000000701a00000| PB 0x0000000701a00000| Untracked 
|  14|0x0000000701c00000, 0x0000000701e00000, 0x0000000701e00000|100%| O|  |TAMS 0x0000000701c00000| PB 0x0000000701c00000| Untracked 
|  15|0x0000000701e00000, 0x0000000702000000, 0x0000000702000000|100%| O|  |TAMS 0x0000000701e00000| PB 0x0000000701e00000| Untracked 
|  16|0x0000000702000000, 0x0000000702200000, 0x0000000702200000|100%| O|  |TAMS 0x0000000702000000| PB 0x0000000702000000| Untracked 
|  17|0x0000000702200000, 0x0000000702400000, 0x0000000702400000|100%|HS|  |TAMS 0x0000000702200000| PB 0x0000000702200000| Complete 
|  18|0x0000000702400000, 0x0000000702600000, 0x0000000702600000|100%| O|  |TAMS 0x0000000702400000| PB 0x0000000702400000| Untracked 
|  19|0x0000000702600000, 0x0000000702800000, 0x0000000702800000|100%| O|  |TAMS 0x0000000702600000| PB 0x0000000702600000| Untracked 
|  20|0x0000000702800000, 0x0000000702a00000, 0x0000000702a00000|100%| O|  |TAMS 0x0000000702800000| PB 0x0000000702800000| Untracked 
|  21|0x0000000702a00000, 0x0000000702c00000, 0x0000000702c00000|100%| O|  |TAMS 0x0000000702a00000| PB 0x0000000702a00000| Untracked 
|  22|0x0000000702c00000, 0x0000000702e00000, 0x0000000702e00000|100%| O|  |TAMS 0x0000000702c00000| PB 0x0000000702c00000| Untracked 
|  23|0x0000000702e00000, 0x0000000703000000, 0x0000000703000000|100%| O|  |TAMS 0x0000000702e00000| PB 0x0000000702e00000| Untracked 
|  24|0x0000000703000000, 0x0000000703200000, 0x0000000703200000|100%|HS|  |TAMS 0x0000000703000000| PB 0x0000000703000000| Complete 
|  25|0x0000000703200000, 0x0000000703400000, 0x0000000703400000|100%|HC|  |TAMS 0x0000000703200000| PB 0x0000000703200000| Complete 
|  26|0x0000000703400000, 0x0000000703600000, 0x0000000703600000|100%|HC|  |TAMS 0x0000000703400000| PB 0x0000000703400000| Complete 
|  27|0x0000000703600000, 0x0000000703800000, 0x0000000703800000|100%| O|  |TAMS 0x0000000703600000| PB 0x0000000703600000| Untracked 
|  28|0x0000000703800000, 0x0000000703a00000, 0x0000000703a00000|100%| O|  |TAMS 0x0000000703800000| PB 0x0000000703800000| Untracked 
|  29|0x0000000703a00000, 0x0000000703c00000, 0x0000000703c00000|100%| O|  |TAMS 0x0000000703a00000| PB 0x0000000703a00000| Untracked 
|  30|0x0000000703c00000, 0x0000000703e00000, 0x0000000703e00000|100%| O|  |TAMS 0x0000000703c00000| PB 0x0000000703c00000| Untracked 
|  31|0x0000000703e00000, 0x0000000704000000, 0x0000000704000000|100%| O|  |TAMS 0x0000000703e00000| PB 0x0000000703e00000| Untracked 
|  32|0x0000000704000000, 0x0000000704200000, 0x0000000704200000|100%| O|  |TAMS 0x0000000704000000| PB 0x0000000704000000| Untracked 
|  33|0x0000000704200000, 0x0000000704400000, 0x0000000704400000|100%| O|  |TAMS 0x0000000704200000| PB 0x0000000704200000| Untracked 
|  34|0x0000000704400000, 0x0000000704600000, 0x0000000704600000|100%| O|  |TAMS 0x0000000704400000| PB 0x0000000704400000| Untracked 
|  35|0x0000000704600000, 0x0000000704800000, 0x0000000704800000|100%| O|  |TAMS 0x0000000704600000| PB 0x0000000704600000| Untracked 
|  36|0x0000000704800000, 0x0000000704a00000, 0x0000000704a00000|100%| O|  |TAMS 0x0000000704800000| PB 0x0000000704800000| Untracked 
|  37|0x0000000704a00000, 0x0000000704c00000, 0x0000000704c00000|100%| O|  |TAMS 0x0000000704a00000| PB 0x0000000704a00000| Untracked 
|  38|0x0000000704c00000, 0x0000000704e00000, 0x0000000704e00000|100%| O|  |TAMS 0x0000000704c00000| PB 0x0000000704c00000| Untracked 
|  39|0x0000000704e00000, 0x0000000705000000, 0x0000000705000000|100%| O|  |TAMS 0x0000000704e00000| PB 0x0000000704e00000| Untracked 
|  40|0x0000000705000000, 0x0000000705200000, 0x0000000705200000|100%| O|  |TAMS 0x0000000705000000| PB 0x0000000705000000| Untracked 
|  41|0x0000000705200000, 0x0000000705400000, 0x0000000705400000|100%| O|  |TAMS 0x0000000705200000| PB 0x0000000705200000| Untracked 
|  42|0x0000000705400000, 0x0000000705600000, 0x0000000705600000|100%| O|Cm|TAMS 0x0000000705400000| PB 0x0000000705400000| Complete 
|  43|0x0000000705600000, 0x0000000705800000, 0x0000000705800000|100%| O|Cm|TAMS 0x0000000705600000| PB 0x0000000705600000| Complete 
|  44|0x0000000705800000, 0x0000000705a00000, 0x0000000705a00000|100%| O|Cm|TAMS 0x0000000705800000| PB 0x0000000705800000| Complete 
|  45|0x0000000705a00000, 0x0000000705c00000, 0x0000000705c00000|100%| O|  |TAMS 0x0000000705a00000| PB 0x0000000705a00000| Untracked 
|  46|0x0000000705c00000, 0x0000000705e00000, 0x0000000705e00000|100%| O|  |TAMS 0x0000000705c00000| PB 0x0000000705c00000| Untracked 
|  47|0x0000000705e00000, 0x0000000706000000, 0x0000000706000000|100%| O|Cm|TAMS 0x0000000705e00000| PB 0x0000000705e00000| Complete 
|  48|0x0000000706000000, 0x0000000706200000, 0x0000000706200000|100%| O|Cm|TAMS 0x0000000706000000| PB 0x0000000706000000| Complete 
|  49|0x0000000706200000, 0x0000000706400000, 0x0000000706400000|100%| O|Cm|TAMS 0x0000000706200000| PB 0x0000000706200000| Complete 
|  50|0x0000000706400000, 0x0000000706600000, 0x0000000706600000|100%| O|  |TAMS 0x0000000706400000| PB 0x0000000706400000| Untracked 
|  51|0x0000000706600000, 0x0000000706800000, 0x0000000706800000|100%| O|  |TAMS 0x0000000706600000| PB 0x0000000706600000| Untracked 
|  52|0x0000000706800000, 0x0000000706a00000, 0x0000000706a00000|100%| O|  |TAMS 0x0000000706800000| PB 0x0000000706800000| Untracked 
|  53|0x0000000706a00000, 0x0000000706c00000, 0x0000000706c00000|100%| O|  |TAMS 0x0000000706a00000| PB 0x0000000706a00000| Untracked 
|  54|0x0000000706c00000, 0x0000000706e00000, 0x0000000706e00000|100%| O|  |TAMS 0x0000000706c00000| PB 0x0000000706c00000| Untracked 
|  55|0x0000000706e00000, 0x0000000707000000, 0x0000000707000000|100%| O|  |TAMS 0x0000000706e00000| PB 0x0000000706e00000| Untracked 
|  56|0x0000000707000000, 0x0000000707000000, 0x0000000707200000|  0%| F|  |TAMS 0x0000000707000000| PB 0x0000000707000000| Untracked 
|  57|0x0000000707200000, 0x0000000707200000, 0x0000000707400000|  0%| F|  |TAMS 0x0000000707200000| PB 0x0000000707200000| Untracked 
|  58|0x0000000707400000, 0x0000000707400000, 0x0000000707600000|  0%| F|  |TAMS 0x0000000707400000| PB 0x0000000707400000| Untracked 
|  59|0x0000000707600000, 0x0000000707600000, 0x0000000707800000|  0%| F|  |TAMS 0x0000000707600000| PB 0x0000000707600000| Untracked 
|  60|0x0000000707800000, 0x0000000707800000, 0x0000000707a00000|  0%| F|  |TAMS 0x0000000707800000| PB 0x0000000707800000| Untracked 
|  61|0x0000000707a00000, 0x0000000707a00000, 0x0000000707c00000|  0%| F|  |TAMS 0x0000000707a00000| PB 0x0000000707a00000| Untracked 
|  62|0x0000000707c00000, 0x0000000707c00000, 0x0000000707e00000|  0%| F|  |TAMS 0x0000000707c00000| PB 0x0000000707c00000| Untracked 
|  63|0x0000000707e00000, 0x0000000707e00000, 0x0000000708000000|  0%| F|  |TAMS 0x0000000707e00000| PB 0x0000000707e00000| Untracked 
|  64|0x0000000708000000, 0x0000000708000000, 0x0000000708200000|  0%| F|  |TAMS 0x0000000708000000| PB 0x0000000708000000| Untracked 
|  65|0x0000000708200000, 0x0000000708200000, 0x0000000708400000|  0%| F|  |TAMS 0x0000000708200000| PB 0x0000000708200000| Untracked 
|  66|0x0000000708400000, 0x0000000708400000, 0x0000000708600000|  0%| F|  |TAMS 0x0000000708400000| PB 0x0000000708400000| Untracked 
|  67|0x0000000708600000, 0x000000070876d5f8, 0x0000000708800000| 71%| S|CS|TAMS 0x0000000708600000| PB 0x0000000708600000| Complete 
|  68|0x0000000708800000, 0x0000000708a00000, 0x0000000708a00000|100%| S|CS|TAMS 0x0000000708800000| PB 0x0000000708800000| Complete 
|  69|0x0000000708a00000, 0x0000000708c00000, 0x0000000708c00000|100%| S|CS|TAMS 0x0000000708a00000| PB 0x0000000708a00000| Complete 
|  70|0x0000000708c00000, 0x0000000708e00000, 0x0000000708e00000|100%| S|CS|TAMS 0x0000000708c00000| PB 0x0000000708c00000| Complete 
|  71|0x0000000708e00000, 0x0000000709000000, 0x0000000709000000|100%| S|CS|TAMS 0x0000000708e00000| PB 0x0000000708e00000| Complete 
|  72|0x0000000709000000, 0x0000000709200000, 0x0000000709200000|100%| S|CS|TAMS 0x0000000709000000| PB 0x0000000709000000| Complete 
|  73|0x0000000709200000, 0x0000000709200000, 0x0000000709400000|  0%| F|  |TAMS 0x0000000709200000| PB 0x0000000709200000| Untracked 
|  74|0x0000000709400000, 0x0000000709400000, 0x0000000709600000|  0%| F|  |TAMS 0x0000000709400000| PB 0x0000000709400000| Untracked 
|  75|0x0000000709600000, 0x0000000709600000, 0x0000000709800000|  0%| F|  |TAMS 0x0000000709600000| PB 0x0000000709600000| Untracked 
|  76|0x0000000709800000, 0x0000000709800000, 0x0000000709a00000|  0%| F|  |TAMS 0x0000000709800000| PB 0x0000000709800000| Untracked 
|  77|0x0000000709a00000, 0x0000000709a00000, 0x0000000709c00000|  0%| F|  |TAMS 0x0000000709a00000| PB 0x0000000709a00000| Untracked 
|  78|0x0000000709c00000, 0x0000000709c00000, 0x0000000709e00000|  0%| F|  |TAMS 0x0000000709c00000| PB 0x0000000709c00000| Untracked 
|  79|0x0000000709e00000, 0x0000000709e00000, 0x000000070a000000|  0%| F|  |TAMS 0x0000000709e00000| PB 0x0000000709e00000| Untracked 
|  80|0x000000070a000000, 0x000000070a000000, 0x000000070a200000|  0%| F|  |TAMS 0x000000070a000000| PB 0x000000070a000000| Untracked 
|  81|0x000000070a200000, 0x000000070a200000, 0x000000070a400000|  0%| F|  |TAMS 0x000000070a200000| PB 0x000000070a200000| Untracked 
|  82|0x000000070a400000, 0x000000070a400000, 0x000000070a600000|  0%| F|  |TAMS 0x000000070a400000| PB 0x000000070a400000| Untracked 
|  83|0x000000070a600000, 0x000000070a600000, 0x000000070a800000|  0%| F|  |TAMS 0x000000070a600000| PB 0x000000070a600000| Untracked 
|  84|0x000000070a800000, 0x000000070a800000, 0x000000070aa00000|  0%| F|  |TAMS 0x000000070a800000| PB 0x000000070a800000| Untracked 
|  85|0x000000070aa00000, 0x000000070aa00000, 0x000000070ac00000|  0%| F|  |TAMS 0x000000070aa00000| PB 0x000000070aa00000| Untracked 
|  86|0x000000070ac00000, 0x000000070ac00000, 0x000000070ae00000|  0%| F|  |TAMS 0x000000070ac00000| PB 0x000000070ac00000| Untracked 
|  87|0x000000070ae00000, 0x000000070ae00000, 0x000000070b000000|  0%| F|  |TAMS 0x000000070ae00000| PB 0x000000070ae00000| Untracked 
|  88|0x000000070b000000, 0x000000070b000000, 0x000000070b200000|  0%| F|  |TAMS 0x000000070b000000| PB 0x000000070b000000| Untracked 
|  89|0x000000070b200000, 0x000000070b200000, 0x000000070b400000|  0%| F|  |TAMS 0x000000070b200000| PB 0x000000070b200000| Untracked 
|  90|0x000000070b400000, 0x000000070b400000, 0x000000070b600000|  0%| F|  |TAMS 0x000000070b400000| PB 0x000000070b400000| Untracked 
|  91|0x000000070b600000, 0x000000070b600000, 0x000000070b800000|  0%| F|  |TAMS 0x000000070b600000| PB 0x000000070b600000| Untracked 
|  92|0x000000070b800000, 0x000000070b800000, 0x000000070ba00000|  0%| F|  |TAMS 0x000000070b800000| PB 0x000000070b800000| Untracked 
|  93|0x000000070ba00000, 0x000000070ba00000, 0x000000070bc00000|  0%| F|  |TAMS 0x000000070ba00000| PB 0x000000070ba00000| Untracked 
|  94|0x000000070bc00000, 0x000000070bc00000, 0x000000070be00000|  0%| F|  |TAMS 0x000000070bc00000| PB 0x000000070bc00000| Untracked 
|  95|0x000000070be00000, 0x000000070be00000, 0x000000070c000000|  0%| F|  |TAMS 0x000000070be00000| PB 0x000000070be00000| Untracked 
|  96|0x000000070c000000, 0x000000070c000000, 0x000000070c200000|  0%| F|  |TAMS 0x000000070c000000| PB 0x000000070c000000| Untracked 
|  97|0x000000070c200000, 0x000000070c200000, 0x000000070c400000|  0%| F|  |TAMS 0x000000070c200000| PB 0x000000070c200000| Untracked 
|  98|0x000000070c400000, 0x000000070c500800, 0x000000070c600000| 50%| E|  |TAMS 0x000000070c400000| PB 0x000000070c400000| Complete 
|  99|0x000000070c600000, 0x000000070c800000, 0x000000070c800000|100%| E|CS|TAMS 0x000000070c600000| PB 0x000000070c600000| Complete 
| 100|0x000000070c800000, 0x000000070ca00000, 0x000000070ca00000|100%| E|CS|TAMS 0x000000070c800000| PB 0x000000070c800000| Complete 
| 101|0x000000070ca00000, 0x000000070cc00000, 0x000000070cc00000|100%| E|CS|TAMS 0x000000070ca00000| PB 0x000000070ca00000| Complete 
| 102|0x000000070cc00000, 0x000000070ce00000, 0x000000070ce00000|100%| E|CS|TAMS 0x000000070cc00000| PB 0x000000070cc00000| Complete 
| 103|0x000000070ce00000, 0x000000070d000000, 0x000000070d000000|100%| E|CS|TAMS 0x000000070ce00000| PB 0x000000070ce00000| Complete 
| 104|0x000000070d000000, 0x000000070d200000, 0x000000070d200000|100%| E|CS|TAMS 0x000000070d000000| PB 0x000000070d000000| Complete 
| 105|0x000000070d200000, 0x000000070d400000, 0x000000070d400000|100%| E|CS|TAMS 0x000000070d200000| PB 0x000000070d200000| Complete 
| 106|0x000000070d400000, 0x000000070d600000, 0x000000070d600000|100%| E|CS|TAMS 0x000000070d400000| PB 0x000000070d400000| Complete 
| 107|0x000000070d600000, 0x000000070d800000, 0x000000070d800000|100%| E|CS|TAMS 0x000000070d600000| PB 0x000000070d600000| Complete 
| 108|0x000000070d800000, 0x000000070da00000, 0x000000070da00000|100%| E|CS|TAMS 0x000000070d800000| PB 0x000000070d800000| Complete 
| 109|0x000000070da00000, 0x000000070dc00000, 0x000000070dc00000|100%| E|CS|TAMS 0x000000070da00000| PB 0x000000070da00000| Complete 
| 110|0x000000070dc00000, 0x000000070de00000, 0x000000070de00000|100%| E|CS|TAMS 0x000000070dc00000| PB 0x000000070dc00000| Complete 
| 111|0x000000070de00000, 0x000000070e000000, 0x000000070e000000|100%| E|CS|TAMS 0x000000070de00000| PB 0x000000070de00000| Complete 
| 112|0x000000070e000000, 0x000000070e200000, 0x000000070e200000|100%| E|CS|TAMS 0x000000070e000000| PB 0x000000070e000000| Complete 
| 113|0x000000070e200000, 0x000000070e400000, 0x000000070e400000|100%| E|CS|TAMS 0x000000070e200000| PB 0x000000070e200000| Complete 
| 114|0x000000070e400000, 0x000000070e600000, 0x000000070e600000|100%| E|CS|TAMS 0x000000070e400000| PB 0x000000070e400000| Complete 
| 115|0x000000070e600000, 0x000000070e800000, 0x000000070e800000|100%| E|CS|TAMS 0x000000070e600000| PB 0x000000070e600000| Complete 
|2045|0x00000007ffa00000, 0x00000007ffc00000, 0x00000007ffc00000|100%| O|  |TAMS 0x00000007ffa00000| PB 0x00000007ffa00000| Untracked 
|2046|0x00000007ffc00000, 0x00000007ffe00000, 0x00000007ffe00000|100%| E|CS|TAMS 0x00000007ffc00000| PB 0x00000007ffc00000| Complete 
|2047|0x00000007ffe00000, 0x0000000800000000, 0x0000000800000000|100%| E|CS|TAMS 0x00000007ffe00000| PB 0x00000007ffe00000| Complete 

Card table byte_map: [0x000001d5d9060000,0x000001d5d9860000] _byte_map_base: 0x000001d5d5860000

Marking Bits: (CMBitMap*) 0x000001d5bf62faa0
 Bits: [0x000001d5d9860000, 0x000001d5dd860000)

Polling page: 0x000001d5bf390000

Metaspace:

Usage:
  Non-class:    103.94 MB used.
      Class:     15.35 MB used.
       Both:    119.29 MB used.

Virtual space:
  Non-class space:      128.00 MB reserved,     105.25 MB ( 82%) committed,  2 nodes.
      Class space:        1.00 GB reserved,      16.62 MB (  2%) committed,  1 nodes.
             Both:        1.12 GB reserved,     121.88 MB ( 11%) committed. 

Chunk freelists:
   Non-Class:  6.48 MB
       Class:  15.35 MB
        Both:  21.83 MB

MaxMetaspaceSize: unlimited
CompressedClassSpaceSize: 1.00 GB
Initial GC threshold: 21.00 MB
Current GC threshold: 203.06 MB
CDS: on
 - commit_granule_bytes: 65536.
 - commit_granule_words: 8192.
 - virtual_space_node_default_size: 8388608.
 - enlarge_chunks_in_place: 1.
 - use_allocation_guard: 0.


Internal statistics:

num_allocs_failed_limit: 12.
num_arena_births: 4682.
num_arena_deaths: 0.
num_vsnodes_births: 3.
num_vsnodes_deaths: 0.
num_space_committed: 1948.
num_space_uncommitted: 0.
num_chunks_returned_to_freelist: 12.
num_chunks_taken_from_freelist: 10010.
num_chunk_merges: 12.
num_chunk_splits: 6948.
num_chunks_enlarged: 4755.
num_inconsistent_stats: 0.

CodeHeap 'non-profiled nmethods': size=120000Kb used=7113Kb max_used=7312Kb free=112887Kb
 bounds [0x000001d5d0d10000, 0x000001d5d1440000, 0x000001d5d8240000]
CodeHeap 'profiled nmethods': size=120000Kb used=28133Kb max_used=29448Kb free=91866Kb
 bounds [0x000001d5c9240000, 0x000001d5caf10000, 0x000001d5d0770000]
CodeHeap 'non-nmethods': size=5760Kb used=2351Kb max_used=2480Kb free=3408Kb
 bounds [0x000001d5d0770000, 0x000001d5d09e0000, 0x000001d5d0d10000]
 total_blobs=12954 nmethods=11937 adapters=917
 compilation: enabled
              stopped_count=0, restarted_count=0
 full_count=0

Compilation events (20 events):
Event: 103.712 Thread 0x000001d5dfe85010 nmethod 14004 0x000001d5c926e590 code [0x000001d5c926e740, 0x000001d5c926ea10]
Event: 103.712 Thread 0x000001d5dfe85010 14006       3       org.jetbrains.kotlin.metadata.ProtoBuf$Effect::hasConclusionOfConditionalEffect (16 bytes)
Event: 103.712 Thread 0x000001d5dfe85010 nmethod 14006 0x000001d5c9608e90 code [0x000001d5c9609020, 0x000001d5c9609188]
Event: 103.717 Thread 0x000001d5dfe80560 14007   !   4       org.jetbrains.kotlin.metadata.ProtoBuf$Class::<init> (2890 bytes)
Event: 103.726 Thread 0x000001d5dfe85010 14008       3       org.jetbrains.kotlin.metadata.ProtoBuf$Contract$1::parsePartialFrom (7 bytes)
Event: 103.726 Thread 0x000001d5dfe85010 nmethod 14008 0x000001d5c97bfe90 code [0x000001d5c97c0040, 0x000001d5c97c0178]
Event: 103.727 Thread 0x000001d5dfe85010 14009       3       org.jetbrains.kotlin.metadata.ProtoBuf$Contract::<init> (7 bytes)
Event: 103.727 Thread 0x000001d5dfe85010 nmethod 14009 0x000001d5c980cf10 code [0x000001d5c980d0c0, 0x000001d5c980d1f8]
Event: 103.728 Thread 0x000001d5dfe85010 14010       3       org.jetbrains.kotlin.metadata.ProtoBuf$Contract::isInitialized (59 bytes)
Event: 103.729 Thread 0x000001d5dfe85010 nmethod 14010 0x000001d5c9e3ea10 code [0x000001d5c9e3ec20, 0x000001d5c9e3f2c8]
Event: 103.742 Thread 0x000001d5dfe85010 14012       3       org.jetbrains.kotlin.metadata.ProtoBuf$Effect$EffectType::valueOf (42 bytes)
Event: 103.742 Thread 0x000001d5dfe85010 nmethod 14012 0x000001d5c948ad10 code [0x000001d5c948aec0, 0x000001d5c948b0d0]
Event: 103.980 Thread 0x000001d5dfe85010 14013       3       org.jetbrains.kotlin.cli.jvm.index.SingleJavaFileRootsIndex::findJavaSourceClasses (199 bytes)
Event: 103.981 Thread 0x000001d5dfe85010 nmethod 14013 0x000001d5ca7a0f10 code [0x000001d5ca7a12e0, 0x000001d5ca7a2f60]
Event: 103.997 Thread 0x000001d5dfe85010 14014       3       org.jetbrains.kotlin.load.java.lazy.descriptors.LazyJavaPackageScope::computeClassNames (277 bytes)
Event: 103.999 Thread 0x000001d5dfe85010 nmethod 14014 0x000001d5ca4ea490 code [0x000001d5ca4ea920, 0x000001d5ca4ecd50]
Event: 103.999 Thread 0x000001d5dfe85010 14015       3       org.jetbrains.kotlin.load.kotlin.JvmPackagePartProviderBase::findPackageParts (260 bytes)
Event: 104.001 Thread 0x000001d5dfe85010 nmethod 14015 0x000001d5c9f27590 code [0x000001d5c9f27ba0, 0x000001d5c9f2ab78]
Event: 104.037 Thread 0x000001d5dfe85010 14017       3       java.lang.Integer::formatUnsignedInt (40 bytes)
Event: 104.038 Thread 0x000001d5dfe85010 nmethod 14017 0x000001d5c93ea410 code [0x000001d5c93ea5c0, 0x000001d5c93ea7c0]

GC Heap History (20 events):
Event: 47.658 GC heap before
{Heap before GC invocations=30 (full 0):
 garbage-first heap   total 137216K, used 120194K [0x0000000700000000, 0x0000000800000000)
  region size 2048K, 22 young (45056K), 3 survivors (6144K)
 Metaspace       used 105369K, committed 107776K, reserved 1179648K
  class space    used 14243K, committed 15424K, reserved 1048576K
}
Event: 47.665 GC heap after
{Heap after GC invocations=31 (full 0):
 garbage-first heap   total 137216K, used 85566K [0x0000000700000000, 0x0000000800000000)
  region size 2048K, 2 young (4096K), 2 survivors (4096K)
 Metaspace       used 105369K, committed 107776K, reserved 1179648K
  class space    used 14243K, committed 15424K, reserved 1048576K
}
Event: 49.868 GC heap before
{Heap before GC invocations=32 (full 0):
 garbage-first heap   total 151552K, used 120382K [0x0000000700000000, 0x0000000800000000)
  region size 2048K, 19 young (38912K), 2 survivors (4096K)
 Metaspace       used 111102K, committed 113472K, reserved 1179648K
  class space    used 14751K, committed 15936K, reserved 1048576K
}
Event: 49.871 GC heap after
{Heap after GC invocations=33 (full 0):
 garbage-first heap   total 151552K, used 86192K [0x0000000700000000, 0x0000000800000000)
  region size 2048K, 2 young (4096K), 2 survivors (4096K)
 Metaspace       used 111102K, committed 113472K, reserved 1179648K
  class space    used 14751K, committed 15936K, reserved 1048576K
}
Event: 52.265 GC heap before
{Heap before GC invocations=33 (full 0):
 garbage-first heap   total 151552K, used 133296K [0x0000000700000000, 0x0000000800000000)
  region size 2048K, 26 young (53248K), 2 survivors (4096K)
 Metaspace       used 114843K, committed 117376K, reserved 1179648K
  class space    used 15186K, committed 16448K, reserved 1048576K
}
Event: 52.276 GC heap after
{Heap after GC invocations=34 (full 0):
 garbage-first heap   total 151552K, used 91374K [0x0000000700000000, 0x0000000800000000)
  region size 2048K, 4 young (8192K), 4 survivors (8192K)
 Metaspace       used 114843K, committed 117376K, reserved 1179648K
  class space    used 15186K, committed 16448K, reserved 1048576K
}
Event: 52.886 GC heap before
{Heap before GC invocations=34 (full 0):
 garbage-first heap   total 151552K, used 132334K [0x0000000700000000, 0x0000000800000000)
  region size 2048K, 24 young (49152K), 4 survivors (8192K)
 Metaspace       used 115223K, committed 117696K, reserved 1179648K
  class space    used 15202K, committed 16448K, reserved 1048576K
}
Event: 52.896 GC heap after
{Heap after GC invocations=35 (full 0):
 garbage-first heap   total 151552K, used 95759K [0x0000000700000000, 0x0000000800000000)
  region size 2048K, 3 young (6144K), 3 survivors (6144K)
 Metaspace       used 115223K, committed 117696K, reserved 1179648K
  class space    used 15202K, committed 16448K, reserved 1048576K
}
Event: 55.206 GC heap before
{Heap before GC invocations=36 (full 0):
 garbage-first heap   total 167936K, used 132623K [0x0000000700000000, 0x0000000800000000)
  region size 2048K, 21 young (43008K), 3 survivors (6144K)
 Metaspace       used 116061K, committed 118592K, reserved 1179648K
  class space    used 15253K, committed 16512K, reserved 1048576K
}
Event: 55.215 GC heap after
{Heap after GC invocations=37 (full 0):
 garbage-first heap   total 167936K, used 100670K [0x0000000700000000, 0x0000000800000000)
  region size 2048K, 3 young (6144K), 3 survivors (6144K)
 Metaspace       used 116061K, committed 118592K, reserved 1179648K
  class space    used 15253K, committed 16512K, reserved 1048576K
}
Event: 91.580 GC heap before
{Heap before GC invocations=37 (full 0):
 garbage-first heap   total 167936K, used 149822K [0x0000000700000000, 0x0000000800000000)
  region size 2048K, 27 young (55296K), 3 survivors (6144K)
 Metaspace       used 120247K, committed 122816K, reserved 1179648K
  class space    used 15673K, committed 16960K, reserved 1048576K
}
Event: 91.590 GC heap after
{Heap after GC invocations=38 (full 0):
 garbage-first heap   total 167936K, used 104858K [0x0000000700000000, 0x0000000800000000)
  region size 2048K, 3 young (6144K), 3 survivors (6144K)
 Metaspace       used 120247K, committed 122816K, reserved 1179648K
  class space    used 15673K, committed 16960K, reserved 1048576K
}
Event: 96.098 GC heap before
{Heap before GC invocations=38 (full 0):
 garbage-first heap   total 167936K, used 147866K [0x0000000700000000, 0x0000000800000000)
  region size 2048K, 25 young (51200K), 3 survivors (6144K)
 Metaspace       used 120546K, committed 123200K, reserved 1179648K
  class space    used 15702K, committed 17024K, reserved 1048576K
}
Event: 96.110 GC heap after
{Heap after GC invocations=39 (full 0):
 garbage-first heap   total 167936K, used 109010K [0x0000000700000000, 0x0000000800000000)
  region size 2048K, 3 young (6144K), 3 survivors (6144K)
 Metaspace       used 120546K, committed 123200K, reserved 1179648K
  class space    used 15702K, committed 17024K, reserved 1048576K
}
Event: 96.438 GC heap before
{Heap before GC invocations=40 (full 0):
 garbage-first heap   total 233472K, used 143826K [0x0000000700000000, 0x0000000800000000)
  region size 2048K, 20 young (40960K), 3 survivors (6144K)
 Metaspace       used 120547K, committed 123200K, reserved 1179648K
  class space    used 15702K, committed 17024K, reserved 1048576K
}
Event: 96.443 GC heap after
{Heap after GC invocations=41 (full 0):
 garbage-first heap   total 233472K, used 111238K [0x0000000700000000, 0x0000000800000000)
  region size 2048K, 2 young (4096K), 2 survivors (4096K)
 Metaspace       used 120547K, committed 123200K, reserved 1179648K
  class space    used 15702K, committed 17024K, reserved 1048576K
}
Event: 98.308 GC heap before
{Heap before GC invocations=41 (full 0):
 garbage-first heap   total 233472K, used 201350K [0x0000000700000000, 0x0000000800000000)
  region size 2048K, 46 young (94208K), 2 survivors (4096K)
 Metaspace       used 121089K, committed 123712K, reserved 1179648K
  class space    used 15703K, committed 17024K, reserved 1048576K
}
Event: 98.326 GC heap after
{Heap after GC invocations=42 (full 0):
 garbage-first heap   total 233472K, used 117136K [0x0000000700000000, 0x0000000800000000)
  region size 2048K, 6 young (12288K), 6 survivors (12288K)
 Metaspace       used 121089K, committed 123712K, reserved 1179648K
  class space    used 15703K, committed 17024K, reserved 1048576K
}
Event: 103.244 GC heap before
{Heap before GC invocations=42 (full 0):
 garbage-first heap   total 233472K, used 199056K [0x0000000700000000, 0x0000000800000000)
  region size 2048K, 46 young (94208K), 6 survivors (12288K)
 Metaspace       used 122133K, committed 124736K, reserved 1179648K
  class space    used 15713K, committed 17024K, reserved 1048576K
}
Event: 103.294 GC heap after
{Heap after GC invocations=43 (full 0):
 garbage-first heap   total 233472K, used 128437K [0x0000000700000000, 0x0000000800000000)
  region size 2048K, 6 young (12288K), 6 survivors (12288K)
 Metaspace       used 122133K, committed 124736K, reserved 1179648K
  class space    used 15713K, committed 17024K, reserved 1048576K
}

Dll operation events (15 events):
Event: 0.011 Loaded shared library C:\Program Files\Java\jdk-21\bin\java.dll
Event: 0.076 Loaded shared library C:\Program Files\Java\jdk-21\bin\jsvml.dll
Event: 0.137 Loaded shared library C:\Program Files\Java\jdk-21\bin\zip.dll
Event: 0.143 Loaded shared library C:\Program Files\Java\jdk-21\bin\instrument.dll
Event: 0.147 Loaded shared library C:\Program Files\Java\jdk-21\bin\net.dll
Event: 0.149 Loaded shared library C:\Program Files\Java\jdk-21\bin\nio.dll
Event: 0.153 Loaded shared library C:\Program Files\Java\jdk-21\bin\zip.dll
Event: 1.279 Loaded shared library C:\Program Files\Java\jdk-21\bin\jimage.dll
Event: 2.442 Loaded shared library C:\Program Files\Java\jdk-21\bin\verify.dll
Event: 3.489 Loaded shared library C:\Users\Eduardo12B\.gradle\native\1def1411415f61bf3af743bc5b6707747c0891f09f0c88961ee8f79bc544acac\windows-amd64\native-platform.dll
Event: 3.507 Loaded shared library C:\Users\Eduardo12B\.gradle\native\0.2.6\x86_64-windows-gnu\gradle-fileevents.dll
Event: 7.693 Loaded shared library C:\Program Files\Java\jdk-21\bin\management.dll
Event: 7.711 Loaded shared library C:\Program Files\Java\jdk-21\bin\management_ext.dll
Event: 8.396 Loaded shared library C:\Program Files\Java\jdk-21\bin\extnet.dll
Event: 9.445 Loaded shared library C:\Program Files\Java\jdk-21\bin\sunmscapi.dll

Deoptimization events (20 events):
Event: 100.249 Thread 0x000001d626a95580 DEOPT PACKING pc=0x000001d5d136ac88 sp=0x00000076d85ee910
Event: 100.249 Thread 0x000001d626a95580 DEOPT UNPACKING pc=0x000001d5d07c46a2 sp=0x00000076d85ee8f8 mode 2
Event: 100.282 Thread 0x000001d626a95580 Uncommon trap: trap_request=0xffffffbe fr.pc=0x000001d5d136ac88 relative=0x0000000000005748
Event: 100.282 Thread 0x000001d626a95580 Uncommon trap: reason=profile_predicate action=maybe_recompile pc=0x000001d5d136ac88 method=org.jetbrains.org.objectweb.asm.ClassReader.accept(Lorg/jetbrains/org/objectweb/asm/ClassVisitor;[Lorg/jetbrains/org/objectweb/asm/Attribute;I)V @ 1131 c2
Event: 100.282 Thread 0x000001d626a95580 DEOPT PACKING pc=0x000001d5d136ac88 sp=0x00000076d85ee7c0
Event: 100.282 Thread 0x000001d626a95580 DEOPT UNPACKING pc=0x000001d5d07c46a2 sp=0x00000076d85ee7a8 mode 2
Event: 100.748 Thread 0x000001d626a95580 Uncommon trap: trap_request=0xffffffbe fr.pc=0x000001d5d13d3854 relative=0x0000000000005894
Event: 100.748 Thread 0x000001d626a95580 Uncommon trap: reason=profile_predicate action=maybe_recompile pc=0x000001d5d13d3854 method=org.jetbrains.org.objectweb.asm.ClassReader.accept(Lorg/jetbrains/org/objectweb/asm/ClassVisitor;[Lorg/jetbrains/org/objectweb/asm/Attribute;I)V @ 1176 c2
Event: 100.748 Thread 0x000001d626a95580 DEOPT PACKING pc=0x000001d5d13d3854 sp=0x00000076d85f5670
Event: 100.748 Thread 0x000001d626a95580 DEOPT UNPACKING pc=0x000001d5d07c46a2 sp=0x00000076d85f5658 mode 2
Event: 101.140 Thread 0x000001d626a95580 Uncommon trap: trap_request=0xffffffc6 fr.pc=0x000001d5d0e6a110 relative=0x0000000000000690
Event: 101.140 Thread 0x000001d626a95580 Uncommon trap: reason=bimorphic_or_optimized_type_check action=maybe_recompile pc=0x000001d5d0e6a110 method=org.jetbrains.kotlin.protobuf.CodedOutputStream.refreshBuffer()V @ 28 c2
Event: 101.140 Thread 0x000001d626a95580 DEOPT PACKING pc=0x000001d5d0e6a110 sp=0x00000076d85f6c80
Event: 101.140 Thread 0x000001d626a95580 DEOPT UNPACKING pc=0x000001d5d07c46a2 sp=0x00000076d85f6bf8 mode 2
Event: 101.257 Thread 0x000001d626a941d0 DEOPT PACKING pc=0x000001d5caa03c89 sp=0x00000076d8bfe2d0
Event: 101.257 Thread 0x000001d626a941d0 DEOPT UNPACKING pc=0x000001d5d07c4e42 sp=0x00000076d8bfd770 mode 0
Event: 101.954 Thread 0x000001d626a95580 Uncommon trap: trap_request=0xffffffde fr.pc=0x000001d5d131199c relative=0x00000000000001dc
Event: 101.954 Thread 0x000001d626a95580 Uncommon trap: reason=class_check action=maybe_recompile pc=0x000001d5d131199c method=io.papermc.paperweight.userdev.internal.setup.util.UtilsKt$cleanSharedCaches$toDelete$1$1.invoke(Ljava/lang/Object;)Ljava/lang/Object; @ 2 c2
Event: 101.954 Thread 0x000001d626a95580 DEOPT PACKING pc=0x000001d5d131199c sp=0x00000076d85f9980
Event: 101.954 Thread 0x000001d626a95580 DEOPT UNPACKING pc=0x000001d5d07c46a2 sp=0x00000076d85f9908 mode 2

Classes loaded (20 events):
Event: 91.321 Loading class jdk/internal/vm/annotation/ForceInline
Event: 91.321 Loading class jdk/internal/vm/annotation/ForceInline done
Event: 91.403 Loading class java/nio/file/attribute/DosFileAttributeView
Event: 91.404 Loading class java/nio/file/attribute/DosFileAttributeView done
Event: 91.405 Loading class sun/nio/fs/WindowsFileAttributeViews$Dos
Event: 91.405 Loading class sun/nio/fs/WindowsFileAttributeViews$Dos done
Event: 91.478 Loading class javax/xml/stream/XMLOutputFactory
Event: 91.512 Loading class javax/xml/stream/XMLOutputFactory done
Event: 91.512 Loading class javax/xml/stream/FactoryFinder
Event: 91.553 Loading class javax/xml/stream/FactoryFinder done
Event: 91.553 Loading class javax/xml/stream/FactoryFinder$1
Event: 91.556 Loading class javax/xml/stream/FactoryFinder$1 done
Event: 91.557 Loading class com/sun/xml/internal/stream/XMLOutputFactoryImpl
Event: 91.560 Loading class com/sun/xml/internal/stream/XMLOutputFactoryImpl done
Event: 91.560 Loading class com/sun/org/apache/xerces/internal/impl/PropertyManager
Event: 91.563 Loading class com/sun/org/apache/xerces/internal/impl/PropertyManager done
Event: 91.818 Loading class java/nio/file/FileTreeIterator
Event: 91.819 Loading class java/nio/file/FileTreeIterator done
Event: 91.824 Loading class java/nio/file/FileSystemLoopException
Event: 91.824 Loading class java/nio/file/FileSystemLoopException done

Classes unloaded (0 events):
No events

Classes redefined (0 events):
No events

Internal exceptions (20 events):
Event: 97.359 Thread 0x000001d626a95580 Exception <a 'sun/nio/fs/WindowsException'{0x000000070c956950}> (0x000000070c956950) 
thrown [s\open\src\hotspot\share\prims\jni.cpp, line 520]
Event: 97.359 Thread 0x000001d626a95580 Exception <a 'sun/nio/fs/WindowsException'{0x000000070c958450}> (0x000000070c958450) 
thrown [s\open\src\hotspot\share\prims\jni.cpp, line 520]
Event: 101.148 Thread 0x000001d626a95580 Exception <a 'sun/nio/fs/WindowsException'{0x000000070bf2ecb8}> (0x000000070bf2ecb8) 
thrown [s\open\src\hotspot\share\prims\jni.cpp, line 520]
Event: 101.149 Thread 0x000001d626a95580 Exception <a 'sun/nio/fs/WindowsException'{0x000000070bf30690}> (0x000000070bf30690) 
thrown [s\open\src\hotspot\share\prims\jni.cpp, line 520]
Event: 101.150 Thread 0x000001d626a95580 Exception <a 'sun/nio/fs/WindowsException'{0x000000070bf3ae80}> (0x000000070bf3ae80) 
thrown [s\open\src\hotspot\share\prims\jni.cpp, line 520]
Event: 101.152 Thread 0x000001d626a95580 Exception <a 'sun/nio/fs/WindowsException'{0x000000070bf472a0}> (0x000000070bf472a0) 
thrown [s\open\src\hotspot\share\prims\jni.cpp, line 520]
Event: 101.154 Thread 0x000001d626a95580 Exception <a 'sun/nio/fs/WindowsException'{0x000000070bf50990}> (0x000000070bf50990) 
thrown [s\open\src\hotspot\share\prims\jni.cpp, line 520]
Event: 101.156 Thread 0x000001d626a95580 Exception <a 'sun/nio/fs/WindowsException'{0x000000070bf58b58}> (0x000000070bf58b58) 
thrown [s\open\src\hotspot\share\prims\jni.cpp, line 520]
Event: 101.158 Thread 0x000001d626a95580 Exception <a 'sun/nio/fs/WindowsException'{0x000000070bf60850}> (0x000000070bf60850) 
thrown [s\open\src\hotspot\share\prims\jni.cpp, line 520]
Event: 101.160 Thread 0x000001d626a95580 Exception <a 'sun/nio/fs/WindowsException'{0x000000070bf6ee18}> (0x000000070bf6ee18) 
thrown [s\open\src\hotspot\share\prims\jni.cpp, line 520]
Event: 101.185 Thread 0x000001d626a95580 Exception <a 'sun/nio/fs/WindowsException'{0x000000070bf75f88}> (0x000000070bf75f88) 
thrown [s\open\src\hotspot\share\prims\jni.cpp, line 520]
Event: 101.944 Thread 0x000001d626a95580 Exception <a 'sun/nio/fs/WindowsException'{0x000000070bcaef10}> (0x000000070bcaef10) 
thrown [s\open\src\hotspot\share\prims\jni.cpp, line 520]
Event: 102.088 Thread 0x000001d626a95580 Exception <a 'sun/nio/fs/WindowsException'{0x000000070b885e20}> (0x000000070b885e20) 
thrown [s\open\src\hotspot\share\prims\jni.cpp, line 520]
Event: 102.190 Thread 0x000001d626a95580 Exception <a 'sun/nio/fs/WindowsException'{0x000000070b7a9f38}> (0x000000070b7a9f38) 
thrown [s\open\src\hotspot\share\prims\jni.cpp, line 520]
Event: 102.302 Thread 0x000001d626a95580 Exception <a 'sun/nio/fs/WindowsException'{0x000000070b2e0fd0}> (0x000000070b2e0fd0) 
thrown [s\open\src\hotspot\share\prims\jni.cpp, line 520]
Event: 102.413 Thread 0x000001d626a95580 Exception <a 'sun/nio/fs/WindowsException'{0x000000070ae34368}> (0x000000070ae34368) 
thrown [s\open\src\hotspot\share\prims\jni.cpp, line 520]
Event: 102.603 Thread 0x000001d626a95580 Exception <a 'sun/nio/fs/WindowsException'{0x000000070adb8698}> (0x000000070adb8698) 
thrown [s\open\src\hotspot\share\prims\jni.cpp, line 520]
Event: 102.722 Thread 0x000001d626a95580 Exception <a 'sun/nio/fs/WindowsException'{0x000000070a97d1c8}> (0x000000070a97d1c8) 
thrown [s\open\src\hotspot\share\prims\jni.cpp, line 520]
Event: 102.808 Thread 0x000001d626a95580 Exception <a 'sun/nio/fs/WindowsException'{0x000000070a9e7438}> (0x000000070a9e7438) 
thrown [s\open\src\hotspot\share\prims\jni.cpp, line 520]
Event: 102.808 Thread 0x000001d626a95580 Exception <a 'sun/nio/fs/WindowsException'{0x000000070a9e8f38}> (0x000000070a9e8f38) 
thrown [s\open\src\hotspot\share\prims\jni.cpp, line 520]

ZGC Phase Switch (0 events):
No events

VM Operations (20 events):
Event: 99.905 Executing VM operation: Cleanup
Event: 100.010 Executing VM operation: Cleanup done
Event: 100.264 Executing VM operation: ICBufferFull
Event: 100.264 Executing VM operation: ICBufferFull done
Event: 100.579 Executing VM operation: ICBufferFull
Event: 100.580 Executing VM operation: ICBufferFull done
Event: 100.921 Executing VM operation: ICBufferFull
Event: 100.921 Executing VM operation: ICBufferFull done
Event: 101.054 Executing VM operation: ICBufferFull
Event: 101.054 Executing VM operation: ICBufferFull done
Event: 102.058 Executing VM operation: Cleanup
Event: 102.058 Executing VM operation: Cleanup done
Event: 103.071 Executing VM operation: Cleanup
Event: 103.110 Executing VM operation: Cleanup done
Event: 103.239 Executing VM operation: G1CollectForAllocation (G1 Evacuation Pause)
Event: 103.324 Executing VM operation: G1CollectForAllocation (G1 Evacuation Pause) done
Event: 103.488 Executing VM operation: G1PauseRemark
Event: 103.605 Executing VM operation: G1PauseRemark done
Event: 103.684 Executing VM operation: G1PauseCleanup
Event: 103.706 Executing VM operation: G1PauseCleanup done

Events (20 events):
Event: 103.591 Thread 0x000001d5dfe4ebb0 flushing nmethod 0x000001d5c9fdfc90
Event: 103.591 Thread 0x000001d5dfe4ebb0 flushing nmethod 0x000001d5c9fe8010
Event: 103.591 Thread 0x000001d5dfe4ebb0 flushing nmethod 0x000001d5c9feab10
Event: 103.591 Thread 0x000001d5dfe4ebb0 flushing nmethod 0x000001d5c9ffb090
Event: 103.591 Thread 0x000001d5dfe4ebb0 flushing nmethod 0x000001d5c9ffb490
Event: 103.591 Thread 0x000001d5dfe4ebb0 flushing nmethod 0x000001d5c9ffda90
Event: 103.591 Thread 0x000001d5dfe4ebb0 flushing nmethod 0x000001d5ca034e10
Event: 103.591 Thread 0x000001d5dfe4ebb0 flushing nmethod 0x000001d5ca089590
Event: 103.591 Thread 0x000001d5dfe4ebb0 flushing nmethod 0x000001d5ca187890
Event: 103.591 Thread 0x000001d5dfe4ebb0 flushing nmethod 0x000001d5ca1c8090
Event: 103.591 Thread 0x000001d5dfe4ebb0 flushing nmethod 0x000001d5ca1f4210
Event: 103.591 Thread 0x000001d5dfe4ebb0 flushing nmethod 0x000001d5ca1f7110
Event: 103.591 Thread 0x000001d5dfe4ebb0 flushing nmethod 0x000001d5ca222f90
Event: 103.591 Thread 0x000001d5dfe4ebb0 flushing nmethod 0x000001d5ca226010
Event: 103.591 Thread 0x000001d5dfe4ebb0 flushing nmethod 0x000001d5ca36e090
Event: 103.591 Thread 0x000001d5dfe4ebb0 flushing nmethod 0x000001d5ca385f10
Event: 103.591 Thread 0x000001d5dfe4ebb0 flushing nmethod 0x000001d5ca423490
Event: 103.591 Thread 0x000001d5dfe4ebb0 flushing nmethod 0x000001d5ca7a0f10
Event: 103.591 Thread 0x000001d5dfe4ebb0 flushing nmethod 0x000001d5ca7a5c10
Event: 103.591 Thread 0x000001d5dfe4ebb0 flushing nmethod 0x000001d5ca89d310


Dynamic libraries:
0x00007ff6e45b0000 - 0x00007ff6e45c0000 	C:\Program Files\Java\jdk-21\bin\java.exe
0x00007ffa87890000 - 0x00007ffa87a88000 	C:\WINDOWS\SYSTEM32\ntdll.dll
0x00007ffa868b0000 - 0x00007ffa86972000 	C:\WINDOWS\System32\KERNEL32.DLL
0x00007ffa854b0000 - 0x00007ffa857a6000 	C:\WINDOWS\System32\KERNELBASE.dll
0x00007ffa85180000 - 0x00007ffa85280000 	C:\WINDOWS\System32\ucrtbase.dll
0x00007ffa60450000 - 0x00007ffa60469000 	C:\Program Files\Java\jdk-21\bin\jli.dll
0x00007ffa5d360000 - 0x00007ffa5d37b000 	C:\Program Files\Java\jdk-21\bin\VCRUNTIME140.dll
0x00007ffa87570000 - 0x00007ffa87621000 	C:\WINDOWS\System32\ADVAPI32.dll
0x00007ffa86050000 - 0x00007ffa860ee000 	C:\WINDOWS\System32\msvcrt.dll
0x00007ffa87630000 - 0x00007ffa876cf000 	C:\WINDOWS\System32\sechost.dll
0x00007ffa872e0000 - 0x00007ffa87400000 	C:\WINDOWS\System32\RPCRT4.dll
0x00007ffa85800000 - 0x00007ffa85827000 	C:\WINDOWS\System32\bcrypt.dll
0x00007ffa87050000 - 0x00007ffa871f1000 	C:\WINDOWS\System32\USER32.dll
0x00007ffa85280000 - 0x00007ffa852a2000 	C:\WINDOWS\System32\win32u.dll
0x00007ffa706e0000 - 0x00007ffa7097b000 	C:\WINDOWS\WinSxS\amd64_microsoft.windows.common-controls_6595b64144ccf1df_6.0.19041.6456_none_60b8a6cb71f64256\COMCTL32.dll
0x00007ffa87820000 - 0x00007ffa8784b000 	C:\WINDOWS\System32\GDI32.dll
0x00007ffa84fb0000 - 0x00007ffa850c9000 	C:\WINDOWS\System32\gdi32full.dll
0x00007ffa852b0000 - 0x00007ffa8534d000 	C:\WINDOWS\System32\msvcp_win.dll
0x00007ffa7f1c0000 - 0x00007ffa7f1ca000 	C:\WINDOWS\SYSTEM32\VERSION.dll
0x00007ffa858b0000 - 0x00007ffa858df000 	C:\WINDOWS\System32\IMM32.DLL
0x00007ffa5e270000 - 0x00007ffa5e27c000 	C:\Program Files\Java\jdk-21\bin\vcruntime140_1.dll
0x00007ffa56d30000 - 0x00007ffa56dbe000 	C:\Program Files\Java\jdk-21\bin\msvcp140.dll
0x00007ffa0e190000 - 0x00007ffa0eeaa000 	C:\Program Files\Java\jdk-21\bin\server\jvm.dll
0x00007ffa86bc0000 - 0x00007ffa86c2b000 	C:\WINDOWS\System32\WS2_32.dll
0x00007ffa7a940000 - 0x00007ffa7a967000 	C:\WINDOWS\SYSTEM32\WINMM.dll
0x00007ffa84d80000 - 0x00007ffa84dcb000 	C:\WINDOWS\SYSTEM32\POWRPROF.dll
0x00007ffa84d60000 - 0x00007ffa84d72000 	C:\WINDOWS\SYSTEM32\UMPDC.dll
0x00007ffa82d70000 - 0x00007ffa82d82000 	C:\WINDOWS\SYSTEM32\kernel.appcore.dll
0x00007ffa5d350000 - 0x00007ffa5d35a000 	C:\Program Files\Java\jdk-21\bin\jimage.dll
0x00007ffa5f580000 - 0x00007ffa5f781000 	C:\WINDOWS\SYSTEM32\DBGHELP.DLL
0x00007ffa63af0000 - 0x00007ffa63b24000 	C:\WINDOWS\SYSTEM32\dbgcore.DLL
0x00007ffa84f20000 - 0x00007ffa84fa2000 	C:\WINDOWS\System32\bcryptPrimitives.dll
0x00007ffa5d2e0000 - 0x00007ffa5d2ef000 	C:\Program Files\Java\jdk-21\bin\instrument.dll
0x00007ffa5a8b0000 - 0x00007ffa5a8cf000 	C:\Program Files\Java\jdk-21\bin\java.dll
0x00007ffa858e0000 - 0x00007ffa86050000 	C:\WINDOWS\System32\SHELL32.dll
0x00007ffa82f70000 - 0x00007ffa83715000 	C:\WINDOWS\SYSTEM32\windows.storage.dll
0x00007ffa86c30000 - 0x00007ffa86f84000 	C:\WINDOWS\System32\combase.dll
0x00007ffa84790000 - 0x00007ffa847bb000 	C:\WINDOWS\SYSTEM32\Wldp.dll
0x00007ffa87490000 - 0x00007ffa8755d000 	C:\WINDOWS\System32\OLEAUT32.dll
0x00007ffa86a90000 - 0x00007ffa86b3d000 	C:\WINDOWS\System32\SHCORE.dll
0x00007ffa86f90000 - 0x00007ffa86feb000 	C:\WINDOWS\System32\shlwapi.dll
0x00007ffa84e50000 - 0x00007ffa84e74000 	C:\WINDOWS\SYSTEM32\profapi.dll
0x00007ffa34310000 - 0x00007ffa343e7000 	C:\Program Files\Java\jdk-21\bin\jsvml.dll
0x00007ffa5a890000 - 0x00007ffa5a8a8000 	C:\Program Files\Java\jdk-21\bin\zip.dll
0x00007ffa5c9f0000 - 0x00007ffa5ca00000 	C:\Program Files\Java\jdk-21\bin\net.dll
0x00007ffa7e690000 - 0x00007ffa7e79a000 	C:\WINDOWS\SYSTEM32\WINHTTP.dll
0x00007ffa84570000 - 0x00007ffa845da000 	C:\WINDOWS\system32\mswsock.dll
0x00007ffa5a1b0000 - 0x00007ffa5a1c6000 	C:\Program Files\Java\jdk-21\bin\nio.dll
0x00007ffa5c960000 - 0x00007ffa5c970000 	C:\Program Files\Java\jdk-21\bin\verify.dll
0x00007ffa5d380000 - 0x00007ffa5d3a7000 	C:\Users\Eduardo12B\.gradle\native\1def1411415f61bf3af743bc5b6707747c0891f09f0c88961ee8f79bc544acac\windows-amd64\native-platform.dll
0x00007ffa59e30000 - 0x00007ffa59ea8000 	C:\Users\Eduardo12B\.gradle\native\0.2.6\x86_64-windows-gnu\gradle-fileevents.dll
0x00007ffa5a880000 - 0x00007ffa5a88a000 	C:\Program Files\Java\jdk-21\bin\management.dll
0x00007ffa5a810000 - 0x00007ffa5a81b000 	C:\Program Files\Java\jdk-21\bin\management_ext.dll
0x00007ffa87560000 - 0x00007ffa87568000 	C:\WINDOWS\System32\PSAPI.DLL
0x00007ffa84270000 - 0x00007ffa842ab000 	C:\WINDOWS\SYSTEM32\IPHLPAPI.DLL
0x00007ffa86b40000 - 0x00007ffa86b48000 	C:\WINDOWS\System32\NSI.dll
0x00007ffa5a1a0000 - 0x00007ffa5a1a9000 	C:\Program Files\Java\jdk-21\bin\extnet.dll
0x00007ffa84b50000 - 0x00007ffa84b68000 	C:\WINDOWS\SYSTEM32\CRYPTSP.dll
0x00007ffa83eb0000 - 0x00007ffa83ee8000 	C:\WINDOWS\system32\rsaenh.dll
0x00007ffa84e10000 - 0x00007ffa84e3e000 	C:\WINDOWS\SYSTEM32\USERENV.dll
0x00007ffa84700000 - 0x00007ffa8470c000 	C:\WINDOWS\SYSTEM32\CRYPTBASE.dll
0x00007ffa5a190000 - 0x00007ffa5a19e000 	C:\Program Files\Java\jdk-21\bin\sunmscapi.dll
0x00007ffa85350000 - 0x00007ffa854ad000 	C:\WINDOWS\System32\CRYPT32.dll
0x00007ffa84800000 - 0x00007ffa84827000 	C:\WINDOWS\SYSTEM32\ncrypt.dll
0x00007ffa847c0000 - 0x00007ffa847fb000 	C:\WINDOWS\SYSTEM32\NTASN1.dll
0x00007ffa60430000 - 0x00007ffa60437000 	C:\WINDOWS\system32\wshunix.dll

dbghelp: loaded successfully - version: 4.0.5 - missing functions: none
symbol engine: initialized successfully - sym options: 0x614 - pdb path: .;C:\Program Files\Java\jdk-21\bin;C:\WINDOWS\SYSTEM32;C:\WINDOWS\WinSxS\amd64_microsoft.windows.common-controls_6595b64144ccf1df_6.0.19041.6456_none_60b8a6cb71f64256;C:\Program Files\Java\jdk-21\bin\server;C:\Users\Eduardo12B\.gradle\native\1def1411415f61bf3af743bc5b6707747c0891f09f0c88961ee8f79bc544acac\windows-amd64;C:\Users\Eduardo12B\.gradle\native\0.2.6\x86_64-windows-gnu

VM Arguments:
jvm_args: --add-opens=java.base/java.lang=ALL-UNNAMED --add-opens=java.base/java.lang.invoke=ALL-UNNAMED --add-opens=java.base/java.util=ALL-UNNAMED --add-opens=java.prefs/java.util.prefs=ALL-UNNAMED --add-exports=jdk.compiler/com.sun.tools.javac.api=ALL-UNNAMED --add-exports=jdk.compiler/com.sun.tools.javac.util=ALL-UNNAMED --add-opens=java.base/java.util=ALL-UNNAMED --add-opens=java.prefs/java.util.prefs=ALL-UNNAMED --add-opens=java.base/java.nio.charset=ALL-UNNAMED --add-opens=java.base/java.net=ALL-UNNAMED --add-opens=java.base/java.util.concurrent.atomic=ALL-UNNAMED --add-opens=java.xml/javax.xml.namespace=ALL-UNNAMED -Xmx4G -Dfile.encoding=UTF-8 -Duser.country=BR -Duser.language=pt -Duser.variant -javaagent:C:\Users\Eduardo12B\.gradle\wrapper\dists\gradle-8.12.1-bin\eumc4uhoysa37zql93vfjkxy0\gradle-8.12.1\lib\agents\gradle-instrumentation-agent-8.12.1.jar 
java_command: org.gradle.launcher.daemon.bootstrap.GradleDaemon 8.12.1
java_class_path (initial): C:\Users\Eduardo12B\.gradle\wrapper\dists\gradle-8.12.1-bin\eumc4uhoysa37zql93vfjkxy0\gradle-8.12.1\lib\gradle-daemon-main-8.12.1.jar
Launcher Type: SUN_STANDARD

[Global flags]
     intx CICompilerCount                          = 3                                         {product} {ergonomic}
     uint ConcGCThreads                            = 1                                         {product} {ergonomic}
     uint G1ConcRefinementThreads                  = 4                                         {product} {ergonomic}
   size_t G1HeapRegionSize                         = 2097152                                   {product} {ergonomic}
    uintx GCDrainStackTargetSize                   = 64                                        {product} {ergonomic}
   size_t InitialHeapSize                          = 134217728                                 {product} {ergonomic}
   size_t MarkStackSize                            = 4194304                                   {product} {ergonomic}
   size_t MaxHeapSize                              = 4294967296                                {product} {command line}
   size_t MaxNewSize                               = 2575302656                                {product} {ergonomic}
   size_t MinHeapDeltaBytes                        = 2097152                                   {product} {ergonomic}
   size_t MinHeapSize                              = 8388608                                   {product} {ergonomic}
    uintx NonNMethodCodeHeapSize                   = 5832780                                {pd product} {ergonomic}
    uintx NonProfiledCodeHeapSize                  = 122912730                              {pd product} {ergonomic}
    uintx ProfiledCodeHeapSize                     = 122912730                              {pd product} {ergonomic}
    uintx ReservedCodeCacheSize                    = 251658240                              {pd product} {ergonomic}
     bool SegmentedCodeCache                       = true                                      {product} {ergonomic}
   size_t SoftMaxHeapSize                          = 4294967296                             {manageable} {ergonomic}
     bool UseCompressedOops                        = true                           {product lp64_product} {ergonomic}
     bool UseG1GC                                  = true                                      {product} {ergonomic}
     bool UseLargePagesIndividualAllocation        = false                                  {pd product} {ergonomic}

Logging:
Log output configuration:
 #0: stdout all=warning uptime,level,tags foldmultilines=false
 #1: stderr all=off uptime,level,tags foldmultilines=false

Environment Variables:
CLASSPATH=C:\Users\Eduardo12B\Desktop\b_LJpw77NuwKE-1772840336626\\gradle\wrapper\gradle-wrapper.jar
PATH=C:\Program Files (x86)\Common Files\Intel\Shared Libraries\redist\intel64_win\compiler;C:\Program Files\Common Files\Oracle\Java\javapath;C:\ProgramData\Oracle\Java\javapath;C:\WINDOWS\system32;C:\WINDOWS;C:\WINDOWS\System32\Wbem;C:\WINDOWS\System32\WindowsPowerShell\v1.0\;C:\WINDOWS\System32\OpenSSH\;C:\Program Files\nodejs\;C:\Program Files\Git\cmd;C:\Program Files\apache-maven-3.9.9\bin;C:\Program Files\dotnet\;C:\Program Files (x86)\NVIDIA Corporation\PhysX\Common;C:\Program Files\NVIDIA Corporation\NVIDIA NvDLISR;C:\Program Files\PuTTY\;C:\Users\Eduardo12B\AppData\Local\Programs\Python\Launcher\;C:\Users\Eduardo12B\AppData\Local\Microsoft\WindowsApps;C:\Users\Eduardo12B\AppData\Roaming\npm;C:\Users\Eduardo12B\AppData\Local\Programs\Microsoft VS Code\bin;C:\Users\Eduardo12B\AppData\Local\GitHubDesktop\bin;C:\Users\Eduardo12B\AppData\Local\Programs\Antigravity\bin;C:\Users\Eduardo12B\.dotnet\tools
USERNAME=Eduardo12B
OS=Windows_NT
PROCESSOR_IDENTIFIER=Intel64 Family 6 Model 158 Stepping 9, GenuineIntel
TMP=C:\Users\EDUARD~1\AppData\Local\Temp
TEMP=C:\Users\EDUARD~1\AppData\Local\Temp




Periodic native trim disabled

---------------  S Y S T E M  ---------------

OS:
 Windows 10 , 64 bit Build 19041 (10.0.19041.5915)
OS uptime: 0 days 3:05 hours
Hyper-V role detected

CPU: total 4 (initial active 4) (4 cores per cpu, 2 threads per core) family 6 model 158 stepping 9 microcode 0xb4, cx8, cmov, fxsr, ht, mmx, 3dnowpref, sse, sse2, sse3, ssse3, sse4.1, sse4.2, popcnt, lzcnt, tsc, tscinvbit, avx, avx2, aes, erms, clmul, bmi1, bmi2, rtm, adx, fma, vzeroupper, clflush, clflushopt, hv, rdtscp, f16c
Processor Information for all 4 processors :
  Max Mhz: 3600, Current Mhz: 3600, Mhz Limit: 3600

Memory: 4k page, system-wide physical 8151M (381M free)
TotalPageFile size 16343M (AvailPageFile size 1M)
current process WorkingSet (physical memory assigned to process): 469M, peak: 547M
current process commit charge ("private bytes"): 594M, peak: 594M

vm_info: Java HotSpot(TM) 64-Bit Server VM (21.0.6+8-LTS-188) for windows-amd64 JRE (21.0.6+8-LTS-188), built on 2024-12-03T10:50:54Z by "mach5one" with MS VC++ 17.6 (VS2022)

END.
