#
# There is insufficient memory for the Java Runtime Environment to continue.
# Native memory allocation (malloc) failed to allocate 1708272 bytes for Chunk::new
# Possible reasons:
#   The system is out of physical RAM or swap space
#   The process is running with CompressedOops enabled, and the Java Heap may be blocking the growth of the native heap
# Possible solutions:
#   Reduce memory load on the system
#   Increase physical memory or swap space
#   Check if swap backing store is full
#   Decrease Java heap size (-Xmx/-Xms)
#   Decrease number of Java threads
#   Decrease Java thread stack sizes (-Xss)
#   Set larger code cache with -XX:ReservedCodeCacheSize=
#   JVM is running with Zero Based Compressed Oops mode in which the Java heap is
#     placed in the first 32GB address space. The Java Heap base address is the
#     maximum limit for the native heap growth. Please use -XX:HeapBaseMinAddress
#     to set the Java Heap base and to place the Java Heap above 32GB virtual address.
# This output file may be truncated or incomplete.
#
#  Out of Memory Error (arena.cpp:189), pid=3436, tid=2732
#
# JRE version: Java(TM) SE Runtime Environment (17.0.12+8) (build 17.0.12+8-LTS-286)
# Java VM: Java HotSpot(TM) 64-Bit Server VM (17.0.12+8-LTS-286, mixed mode, sharing, tiered, compressed oops, compressed class ptrs, g1 gc, windows-amd64)
# No core dump will be written. Minidumps are not enabled by default on client versions of Windows
#

---------------  S U M M A R Y ------------

Command Line: --add-opens=java.base/java.lang=ALL-UNNAMED --add-opens=java.base/java.lang.invoke=ALL-UNNAMED --add-opens=java.base/java.util=ALL-UNNAMED --add-opens=java.prefs/java.util.prefs=ALL-UNNAMED --add-exports=jdk.compiler/com.sun.tools.javac.api=ALL-UNNAMED --add-exports=jdk.compiler/com.sun.tools.javac.util=ALL-UNNAMED --add-opens=java.base/java.util=ALL-UNNAMED --add-opens=java.prefs/java.util.prefs=ALL-UNNAMED --add-opens=java.base/java.nio.charset=ALL-UNNAMED --add-opens=java.base/java.net=ALL-UNNAMED --add-opens=java.base/java.util.concurrent.atomic=ALL-UNNAMED --add-opens=java.xml/javax.xml.namespace=ALL-UNNAMED -Xmx4G -Dfile.encoding=UTF-8 -Duser.country=BR -Duser.language=pt -Duser.variant -javaagent:C:\Users\Eduardo12B\.gradle\wrapper\dists\gradle-8.12.1-bin\eumc4uhoysa37zql93vfjkxy0\gradle-8.12.1\lib\agents\gradle-instrumentation-agent-8.12.1.jar org.gradle.launcher.daemon.bootstrap.GradleDaemon 8.12.1

Host: Intel(R) Core(TM) i7-7700 CPU @ 3.60GHz, 4 cores, 7G,  Windows 10 , 64 bit Build 19041 (10.0.19041.5915)
Time: Fri Mar  6 21:13:45 2026 Hora oficial do Brasil elapsed time: 118.630000 seconds (0d 0h 1m 58s)

---------------  T H R E A D  ---------------

Current thread (0x0000024f7c7678c0):  JavaThread "C2 CompilerThread0" daemon [_thread_in_native, id=2732, stack(0x000000b89a400000,0x000000b89a500000)]


Current CompileTask:
C2: 118630 18676       4       org.jetbrains.kotlin.metadata.jvm.deserialization.ModuleMapping$Companion::loadModuleMapping (1038 bytes)

Stack: [0x000000b89a400000,0x000000b89a500000]
Native frames: (J=compiled Java code, j=interpreted, Vv=VM code, C=native code)
V  [jvm.dll+0x67a04a]
V  [jvm.dll+0x7da4ed]
V  [jvm.dll+0x7dbe33]
V  [jvm.dll+0x7dc4a3]
V  [jvm.dll+0x24508f]
V  [jvm.dll+0xab773]
V  [jvm.dll+0xabd3c]
V  [jvm.dll+0x361bee]
V  [jvm.dll+0x32c431]
V  [jvm.dll+0x32b8ca]
V  [jvm.dll+0x21683f]
V  [jvm.dll+0x215c6f]
V  [jvm.dll+0x1a2960]
V  [jvm.dll+0x22610b]
V  [jvm.dll+0x2242ab]
V  [jvm.dll+0x79075c]
V  [jvm.dll+0x78abea]
V  [jvm.dll+0x678f35]
C  [ucrtbase.dll+0x21bb2]
C  [KERNEL32.DLL+0x17374]
C  [ntdll.dll+0x4cc91]


---------------  P R O C E S S  ---------------

Threads class SMR info:
_java_thread_list=0x0000024f55782700, length=45, elements={
0x0000024f5a1ee040, 0x0000024f7c7520c0, 0x0000024f7c752b90, 0x0000024f7c762f90,
0x0000024f7c763a60, 0x0000024f7c766340, 0x0000024f7c766c10, 0x0000024f7c7678c0,
0x0000024f7c769a30, 0x0000024f7c783290, 0x0000024f7c73eee0, 0x0000024f7ca501c0,
0x0000024f7e2366c0, 0x0000024f7e22fdc0, 0x0000024f7cce71c0, 0x0000024f7e2b8860,
0x0000024f7e2b8d40, 0x0000024f7e2cccb0, 0x0000024f7e2ce600, 0x0000024f7e2cbd80,
0x0000024f7e2ceb10, 0x0000024f7e2cd6d0, 0x0000024f7e2cc290, 0x0000024f7e2cc7a0,
0x0000024f7e2cd1c0, 0x0000024f7e2cdbe0, 0x0000024f7e2cb870, 0x0000024f7e2ce0f0,
0x0000024f458b2530, 0x0000024f458b4390, 0x0000024f458ae870, 0x0000024f458b3460,
0x0000024f458af290, 0x0000024f458b1600, 0x0000024f458b1b10, 0x0000024f458af7a0,
0x0000024f47c60710, 0x0000024f47c648e0, 0x0000024f47c62570, 0x0000024f47c62a80,
0x0000024f47c634a0, 0x0000024f47c639b0, 0x0000024f47c63ec0, 0x0000024f54612290,
0x0000024f47908800
}

Java Threads: ( => current thread )
  0x0000024f5a1ee040 JavaThread "main" [_thread_blocked, id=14188, stack(0x000000b899700000,0x000000b899800000)]
  0x0000024f7c7520c0 JavaThread "Reference Handler" daemon [_thread_blocked, id=14140, stack(0x000000b899e00000,0x000000b899f00000)]
  0x0000024f7c752b90 JavaThread "Finalizer" daemon [_thread_blocked, id=6624, stack(0x000000b899f00000,0x000000b89a000000)]
  0x0000024f7c762f90 JavaThread "Signal Dispatcher" daemon [_thread_blocked, id=12756, stack(0x000000b89a000000,0x000000b89a100000)]
  0x0000024f7c763a60 JavaThread "Attach Listener" daemon [_thread_blocked, id=10856, stack(0x000000b89a100000,0x000000b89a200000)]
  0x0000024f7c766340 JavaThread "Service Thread" daemon [_thread_blocked, id=13904, stack(0x000000b89a200000,0x000000b89a300000)]
  0x0000024f7c766c10 JavaThread "Monitor Deflation Thread" daemon [_thread_blocked, id=5488, stack(0x000000b89a300000,0x000000b89a400000)]
=>0x0000024f7c7678c0 JavaThread "C2 CompilerThread0" daemon [_thread_in_native, id=2732, stack(0x000000b89a400000,0x000000b89a500000)]
  0x0000024f7c769a30 JavaThread "C1 CompilerThread0" daemon [_thread_blocked, id=2104, stack(0x000000b89a500000,0x000000b89a600000)]
  0x0000024f7c783290 JavaThread "Sweeper thread" daemon [_thread_blocked, id=3040, stack(0x000000b89a600000,0x000000b89a700000)]
  0x0000024f7c73eee0 JavaThread "Common-Cleaner" daemon [_thread_blocked, id=9160, stack(0x000000b89a700000,0x000000b89a800000)]
  0x0000024f7ca501c0 JavaThread "Notification Thread" daemon [_thread_blocked, id=7632, stack(0x000000b89a800000,0x000000b89a900000)]
  0x0000024f7e2366c0 JavaThread "Daemon health stats" [_thread_blocked, id=4900, stack(0x000000b89ad00000,0x000000b89ae00000)]
  0x0000024f7e22fdc0 JavaThread "Incoming local TCP Connector on port 63397" [_thread_in_native, id=7668, stack(0x000000b89ae00000,0x000000b89af00000)]
  0x0000024f7cce71c0 JavaThread "Daemon periodic checks" [_thread_blocked, id=13264, stack(0x000000b89af00000,0x000000b89b000000)]
  0x0000024f7e2b8860 JavaThread "Daemon" [_thread_blocked, id=10096, stack(0x000000b89b000000,0x000000b89b100000)]
  0x0000024f7e2b8d40 JavaThread "Handler for socket connection from /127.0.0.1:63397 to /127.0.0.1:63398" [_thread_in_native, id=2364, stack(0x000000b89b100000,0x000000b89b200000)]
  0x0000024f7e2cccb0 JavaThread "Cancel handler" [_thread_blocked, id=13396, stack(0x000000b89b200000,0x000000b89b300000)]
  0x0000024f7e2ce600 JavaThread "Daemon worker" [_thread_in_Java, id=13232, stack(0x000000b89b300000,0x000000b89b400000)]
  0x0000024f7e2cbd80 JavaThread "Asynchronous log dispatcher for DefaultDaemonConnection: socket connection from /127.0.0.1:63397 to /127.0.0.1:63398" [_thread_blocked, id=10112, stack(0x000000b89b400000,0x000000b89b500000)]
  0x0000024f7e2ceb10 JavaThread "Stdin handler" [_thread_blocked, id=4912, stack(0x000000b89b500000,0x000000b89b600000)]
  0x0000024f7e2cd6d0 JavaThread "Daemon client event forwarder" [_thread_blocked, id=13360, stack(0x000000b89b600000,0x000000b89b700000)]
  0x0000024f7e2cc290 JavaThread "Cache worker for journal cache (C:\Users\Eduardo12B\.gradle\caches\journal-1)" [_thread_blocked, id=11624, stack(0x000000b89b700000,0x000000b89b800000)]
  0x0000024f7e2cc7a0 JavaThread "File lock request listener" [_thread_in_native, id=11788, stack(0x000000b89b800000,0x000000b89b900000)]
  0x0000024f7e2cd1c0 JavaThread "Cache worker for file hash cache (C:\Users\Eduardo12B\.gradle\caches\8.12.1\fileHashes)" [_thread_blocked, id=7592, stack(0x000000b89b900000,0x000000b89ba00000)]
  0x0000024f7e2cdbe0 JavaThread "Cache worker for file hash cache (C:\Users\Eduardo12B\Desktop\b_LJpw77NuwKE-1772840336626\.gradle\8.12.1\fileHashes)" [_thread_blocked, id=13444, stack(0x000000b89ba00000,0x000000b89bb00000)]
  0x0000024f7e2cb870 JavaThread "Cache worker for Build Output Cleanup Cache (C:\Users\Eduardo12B\Desktop\b_LJpw77NuwKE-1772840336626\.gradle\buildOutputCleanup)" [_thread_blocked, id=10024, stack(0x000000b89bb00000,0x000000b89bc00000)]
  0x0000024f7e2ce0f0 JavaThread "File watcher server" daemon [_thread_in_native, id=10528, stack(0x000000b89bd00000,0x000000b89be00000)]
  0x0000024f458b2530 JavaThread "File watcher consumer" daemon [_thread_blocked, id=2044, stack(0x000000b89be00000,0x000000b89bf00000)]
  0x0000024f458b4390 JavaThread "jar transforms" [_thread_blocked, id=12800, stack(0x000000b89bf00000,0x000000b89c000000)]
  0x0000024f458ae870 JavaThread "jar transforms Thread 2" [_thread_blocked, id=5288, stack(0x000000b89c000000,0x000000b89c100000)]
  0x0000024f458b3460 JavaThread "jar transforms Thread 3" [_thread_blocked, id=12532, stack(0x000000b89bc00000,0x000000b89bd00000)]
  0x0000024f458af290 JavaThread "jar transforms Thread 4" [_thread_blocked, id=10152, stack(0x000000b89c300000,0x000000b89c400000)]
  0x0000024f458b1600 JavaThread "Cache worker for checksums cache (C:\Users\Eduardo12B\Desktop\b_LJpw77NuwKE-1772840336626\.gradle\8.12.1\checksums)" [_thread_blocked, id=13876, stack(0x000000b89c400000,0x000000b89c500000)]
  0x0000024f458b1b10 JavaThread "Cache worker for file content cache (C:\Users\Eduardo12B\.gradle\caches\8.12.1\fileContent)" [_thread_blocked, id=12892, stack(0x000000b89c500000,0x000000b89c600000)]
  0x0000024f458af7a0 JavaThread "File lock release action executor" [_thread_blocked, id=9752, stack(0x000000b89c200000,0x000000b89c300000)]
  0x0000024f47c60710 JavaThread "Cache worker for cache directory md-rule (C:\Users\Eduardo12B\.gradle\caches\8.12.1\md-rule)" [_thread_blocked, id=11328, stack(0x000000b89c600000,0x000000b89c700000)]
  0x0000024f47c648e0 JavaThread "Cache worker for cache directory md-supplier (C:\Users\Eduardo12B\.gradle\caches\8.12.1\md-supplier)" [_thread_blocked, id=7032, stack(0x000000b89ca00000,0x000000b89cb00000)]
  0x0000024f47c62570 JavaThread "Unconstrained build operations" [_thread_blocked, id=13160, stack(0x000000b899500000,0x000000b899600000)]
  0x0000024f47c62a80 JavaThread "Unconstrained build operations Thread 2" [_thread_blocked, id=1404, stack(0x000000b899600000,0x000000b899700000)]
  0x0000024f47c634a0 JavaThread "Unconstrained build operations Thread 3" [_thread_blocked, id=4436, stack(0x000000b89cb00000,0x000000b89cc00000)]
  0x0000024f47c639b0 JavaThread "Memory manager" [_thread_blocked, id=13560, stack(0x000000b89cc00000,0x000000b89cd00000)]
  0x0000024f47c63ec0 JavaThread "Kotlin DSL Writer" [_thread_blocked, id=14264, stack(0x000000b89ce00000,0x000000b89cf00000)]
  0x0000024f54612290 JavaThread "Unconstrained build operations Thread 4" [_thread_blocked, id=13476, stack(0x000000b89cd00000,0x000000b89ce00000)]
  0x0000024f47908800 JavaThread "Unconstrained build operations Thread 5" [_thread_blocked, id=316, stack(0x000000b89cf00000,0x000000b89d000000)]

Other Threads:
  0x0000024f7c749f50 VMThread "VM Thread" [stack: 0x000000b899d00000,0x000000b899e00000] [id=9824]
  0x0000024f7ca34580 WatcherThread [stack: 0x000000b89a900000,0x000000b89aa00000] [id=14160]
  0x0000024f5a257860 GCTaskThread "GC Thread#0" [stack: 0x000000b899800000,0x000000b899900000] [id=13860]
  0x0000024f7cb54d50 GCTaskThread "GC Thread#1" [stack: 0x000000b89aa00000,0x000000b89ab00000] [id=1260]
  0x0000024f7cc86a70 GCTaskThread "GC Thread#2" [stack: 0x000000b89ab00000,0x000000b89ac00000] [id=8404]
  0x0000024f7cb45b30 GCTaskThread "GC Thread#3" [stack: 0x000000b89ac00000,0x000000b89ad00000] [id=5272]
  0x0000024f5a268560 ConcurrentGCThread "G1 Main Marker" [stack: 0x000000b899900000,0x000000b899a00000] [id=14120]
  0x0000024f5a268d20 ConcurrentGCThread "G1 Conc#0" [stack: 0x000000b899a00000,0x000000b899b00000] [id=14304]
  0x0000024f5a2a2ec0 ConcurrentGCThread "G1 Refine#0" [stack: 0x000000b899b00000,0x000000b899c00000] [id=4028]
  0x0000024f7f89b0d0 ConcurrentGCThread "G1 Refine#1" [stack: 0x000000b89c100000,0x000000b89c200000] [id=10148]
  0x0000024f7f11a8c0 ConcurrentGCThread "G1 Refine#2" [stack: 0x000000b89c700000,0x000000b89c800000] [id=5420]
  0x0000024f5a2a36a0 ConcurrentGCThread "G1 Service" [stack: 0x000000b899c00000,0x000000b899d00000] [id=12508]

Threads with active compile tasks:
C2 CompilerThread0   118694 18676       4       org.jetbrains.kotlin.metadata.jvm.deserialization.ModuleMapping$Companion::loadModuleMapping (1038 bytes)

VM state: not at safepoint (normal execution)

VM Mutex/Monitor currently owned by a thread: None

Heap address: 0x0000000700000000, size: 4096 MB, Compressed Oops mode: Zero based, Oop shift amount: 3

CDS archive(s) mapped at: [0x0000024f00000000-0x0000024f00bd0000-0x0000024f00bd0000), size 12386304, SharedBaseAddress: 0x0000024f00000000, ArchiveRelocationMode: 1.
Compressed class space mapped at: 0x0000024f01000000-0x0000024f41000000, reserved size: 1073741824
Narrow klass base: 0x0000024f00000000, Narrow klass shift: 0, Narrow klass range: 0x100000000

GC Precious Log:
 CPUs: 4 total, 4 available
 Memory: 8151M
 Large Page Support: Disabled
 NUMA Support: Disabled
 Compressed Oops: Enabled (Zero based)
 Heap Region Size: 2M
 Heap Min Capacity: 8M
 Heap Initial Capacity: 128M
 Heap Max Capacity: 4G
 Pre-touch: Disabled
 Parallel Workers: 4
 Concurrent Workers: 1
 Concurrent Refinement Workers: 4
 Periodic GC: Disabled

Heap:
 garbage-first heap   total 413696K, used 258376K [0x0000000700000000, 0x0000000800000000)
  region size 2048K, 71 young (145408K), 2 survivors (4096K)
 Metaspace       used 133520K, committed 134592K, reserved 1179648K
  class space    used 16808K, committed 17344K, reserved 1048576K

Heap Regions: E=young(eden), S=young(survivor), O=old, HS=humongous(starts), HC=humongous(continues), CS=collection set, F=free, OA=open archive, CA=closed archive, TAMS=top-at-mark-start (previous, next)
|   0|0x0000000700000000, 0x0000000700200000, 0x0000000700200000|100%|HS|  |TAMS 0x0000000700200000, 0x0000000700000000| Complete 
|   1|0x0000000700200000, 0x0000000700400000, 0x0000000700400000|100%|HC|  |TAMS 0x0000000700400000, 0x0000000700200000| Complete 
|   2|0x0000000700400000, 0x0000000700600000, 0x0000000700600000|100%| O|  |TAMS 0x0000000700600000, 0x0000000700400000| Untracked 
|   3|0x0000000700600000, 0x0000000700800000, 0x0000000700800000|100%| O|  |TAMS 0x0000000700800000, 0x0000000700600000| Untracked 
|   4|0x0000000700800000, 0x0000000700a00000, 0x0000000700a00000|100%| O|  |TAMS 0x0000000700a00000, 0x0000000700800000| Untracked 
|   5|0x0000000700a00000, 0x0000000700c00000, 0x0000000700c00000|100%| O|  |TAMS 0x0000000700c00000, 0x0000000700a00000| Untracked 
|   6|0x0000000700c00000, 0x0000000700e00000, 0x0000000700e00000|100%| O|  |TAMS 0x0000000700e00000, 0x0000000700c00000| Untracked 
|   7|0x0000000700e00000, 0x0000000700fc5400, 0x0000000701000000| 88%| O|  |TAMS 0x0000000700fc5400, 0x0000000700e00000| Untracked 
|   8|0x0000000701000000, 0x0000000701200000, 0x0000000701200000|100%| O|  |TAMS 0x0000000701200000, 0x0000000701000000| Untracked 
|   9|0x0000000701200000, 0x0000000701400000, 0x0000000701400000|100%| O|  |TAMS 0x0000000701400000, 0x0000000701200000| Untracked 
|  10|0x0000000701400000, 0x0000000701600000, 0x0000000701600000|100%| O|  |TAMS 0x0000000701600000, 0x0000000701400000| Untracked 
|  11|0x0000000701600000, 0x0000000701800000, 0x0000000701800000|100%| O|  |TAMS 0x0000000701800000, 0x0000000701600000| Untracked 
|  12|0x0000000701800000, 0x0000000701a00000, 0x0000000701a00000|100%| O|  |TAMS 0x0000000701a00000, 0x0000000701800000| Untracked 
|  13|0x0000000701a00000, 0x0000000701c00000, 0x0000000701c00000|100%| O|  |TAMS 0x0000000701c00000, 0x0000000701a00000| Untracked 
|  14|0x0000000701c00000, 0x0000000701e00000, 0x0000000701e00000|100%| O|  |TAMS 0x0000000701e00000, 0x0000000701c00000| Untracked 
|  15|0x0000000701e00000, 0x0000000702000000, 0x0000000702000000|100%| O|  |TAMS 0x0000000702000000, 0x0000000701e00000| Untracked 
|  16|0x0000000702000000, 0x0000000702200000, 0x0000000702200000|100%| O|  |TAMS 0x0000000702200000, 0x0000000702000000| Untracked 
|  17|0x0000000702200000, 0x0000000702400000, 0x0000000702400000|100%| O|  |TAMS 0x0000000702400000, 0x0000000702200000| Untracked 
|  18|0x0000000702400000, 0x0000000702600000, 0x0000000702600000|100%| O|  |TAMS 0x0000000702600000, 0x0000000702400000| Untracked 
|  19|0x0000000702600000, 0x0000000702800000, 0x0000000702800000|100%| O|  |TAMS 0x0000000702800000, 0x0000000702600000| Untracked 
|  20|0x0000000702800000, 0x0000000702a00000, 0x0000000702a00000|100%| O|  |TAMS 0x0000000702a00000, 0x0000000702800000| Untracked 
|  21|0x0000000702a00000, 0x0000000702c00000, 0x0000000702c00000|100%| O|  |TAMS 0x0000000702c00000, 0x0000000702a00000| Untracked 
|  22|0x0000000702c00000, 0x0000000702e00000, 0x0000000702e00000|100%| O|  |TAMS 0x0000000702e00000, 0x0000000702c00000| Untracked 
|  23|0x0000000702e00000, 0x0000000703000000, 0x0000000703000000|100%| O|  |TAMS 0x0000000703000000, 0x0000000702e00000| Untracked 
|  24|0x0000000703000000, 0x0000000703200000, 0x0000000703200000|100%| O|  |TAMS 0x0000000703200000, 0x0000000703000000| Untracked 
|  25|0x0000000703200000, 0x0000000703400000, 0x0000000703400000|100%| O|  |TAMS 0x0000000703400000, 0x0000000703200000| Untracked 
|  26|0x0000000703400000, 0x0000000703600000, 0x0000000703600000|100%|HS|  |TAMS 0x0000000703600000, 0x0000000703400000| Complete 
|  27|0x0000000703600000, 0x0000000703800000, 0x0000000703800000|100%|HC|  |TAMS 0x0000000703800000, 0x0000000703600000| Complete 
|  28|0x0000000703800000, 0x0000000703a00000, 0x0000000703a00000|100%|HC|  |TAMS 0x0000000703a00000, 0x0000000703800000| Complete 
|  29|0x0000000703a00000, 0x0000000703c00000, 0x0000000703c00000|100%| O|  |TAMS 0x0000000703c00000, 0x0000000703a00000| Untracked 
|  30|0x0000000703c00000, 0x0000000703e00000, 0x0000000703e00000|100%| O|  |TAMS 0x0000000703e00000, 0x0000000703c00000| Untracked 
|  31|0x0000000703e00000, 0x0000000704000000, 0x0000000704000000|100%| O|  |TAMS 0x0000000704000000, 0x0000000703e00000| Untracked 
|  32|0x0000000704000000, 0x0000000704200000, 0x0000000704200000|100%| O|  |TAMS 0x0000000704200000, 0x0000000704000000| Untracked 
|  33|0x0000000704200000, 0x0000000704400000, 0x0000000704400000|100%| O|  |TAMS 0x0000000704400000, 0x0000000704200000| Untracked 
|  34|0x0000000704400000, 0x0000000704600000, 0x0000000704600000|100%| O|  |TAMS 0x0000000704600000, 0x0000000704400000| Untracked 
|  35|0x0000000704600000, 0x0000000704800000, 0x0000000704800000|100%| O|  |TAMS 0x0000000704600000, 0x0000000704600000| Untracked 
|  36|0x0000000704800000, 0x0000000704a00000, 0x0000000704a00000|100%| O|  |TAMS 0x0000000704800000, 0x0000000704800000| Untracked 
|  37|0x0000000704a00000, 0x0000000704c00000, 0x0000000704c00000|100%| O|  |TAMS 0x0000000704c00000, 0x0000000704a00000| Untracked 
|  38|0x0000000704c00000, 0x0000000704e00000, 0x0000000704e00000|100%| O|  |TAMS 0x0000000704e00000, 0x0000000704c00000| Untracked 
|  39|0x0000000704e00000, 0x0000000705000000, 0x0000000705000000|100%| O|  |TAMS 0x0000000704fa0800, 0x0000000704e00000| Untracked 
|  40|0x0000000705000000, 0x0000000705200000, 0x0000000705200000|100%| O|  |TAMS 0x0000000705200000, 0x0000000705000000| Untracked 
|  41|0x0000000705200000, 0x0000000705400000, 0x0000000705400000|100%| O|  |TAMS 0x0000000705400000, 0x0000000705200000| Untracked 
|  42|0x0000000705400000, 0x0000000705600000, 0x0000000705600000|100%| O|  |TAMS 0x0000000705400000, 0x0000000705400000| Untracked 
|  43|0x0000000705600000, 0x0000000705800000, 0x0000000705800000|100%|HS|  |TAMS 0x0000000705600000, 0x0000000705600000| Complete 
|  44|0x0000000705800000, 0x0000000705a00000, 0x0000000705a00000|100%| O|  |TAMS 0x0000000705800000, 0x0000000705800000| Untracked 
|  45|0x0000000705a00000, 0x0000000705c00000, 0x0000000705c00000|100%| O|  |TAMS 0x0000000705c00000, 0x0000000705a00000| Untracked 
|  46|0x0000000705c00000, 0x0000000705e00000, 0x0000000705e00000|100%| O|  |TAMS 0x0000000705c00000, 0x0000000705c00000| Untracked 
|  47|0x0000000705e00000, 0x0000000706000000, 0x0000000706000000|100%| O|  |TAMS 0x0000000705e00000, 0x0000000705e00000| Untracked 
|  48|0x0000000706000000, 0x0000000706200000, 0x0000000706200000|100%| O|  |TAMS 0x0000000706000000, 0x0000000706000000| Untracked 
|  49|0x0000000706200000, 0x0000000706400000, 0x0000000706400000|100%| O|  |TAMS 0x0000000706200000, 0x0000000706200000| Untracked 
|  50|0x0000000706400000, 0x0000000706600000, 0x0000000706600000|100%| O|  |TAMS 0x0000000706400000, 0x0000000706400000| Untracked 
|  51|0x0000000706600000, 0x000000070668cc00, 0x0000000706800000| 27%| O|  |TAMS 0x0000000706600000, 0x0000000706600000| Untracked 
|  52|0x0000000706800000, 0x0000000706a00000, 0x0000000706a00000|100%| O|  |TAMS 0x0000000706a00000, 0x0000000706800000| Untracked 
|  53|0x0000000706a00000, 0x0000000706a00000, 0x0000000706c00000|  0%| F|  |TAMS 0x0000000706a00000, 0x0000000706a00000| Untracked 
|  54|0x0000000706c00000, 0x0000000706e00000, 0x0000000706e00000|100%| O|  |TAMS 0x0000000706c00000, 0x0000000706c00000| Untracked 
|  55|0x0000000706e00000, 0x0000000707000000, 0x0000000707000000|100%| O|  |TAMS 0x0000000706e00000, 0x0000000706e00000| Untracked 
|  56|0x0000000707000000, 0x0000000707000000, 0x0000000707200000|  0%| F|  |TAMS 0x0000000707000000, 0x0000000707000000| Untracked 
|  57|0x0000000707200000, 0x0000000707200000, 0x0000000707400000|  0%| F|  |TAMS 0x0000000707200000, 0x0000000707200000| Untracked 
|  58|0x0000000707400000, 0x0000000707400000, 0x0000000707600000|  0%| F|  |TAMS 0x0000000707400000, 0x0000000707400000| Untracked 
|  59|0x0000000707600000, 0x0000000707600000, 0x0000000707800000|  0%| F|  |TAMS 0x0000000707600000, 0x0000000707600000| Untracked 
|  60|0x0000000707800000, 0x0000000707800000, 0x0000000707a00000|  0%| F|  |TAMS 0x0000000707800000, 0x0000000707800000| Untracked 
|  61|0x0000000707a00000, 0x0000000707a00000, 0x0000000707c00000|  0%| F|  |TAMS 0x0000000707a00000, 0x0000000707a00000| Untracked 
|  62|0x0000000707c00000, 0x0000000707c00000, 0x0000000707e00000|  0%| F|  |TAMS 0x0000000707c00000, 0x0000000707c00000| Untracked 
|  63|0x0000000707e00000, 0x0000000707e00000, 0x0000000708000000|  0%| F|  |TAMS 0x0000000707e00000, 0x0000000707e00000| Untracked 
|  64|0x0000000708000000, 0x0000000708000000, 0x0000000708200000|  0%| F|  |TAMS 0x0000000708000000, 0x0000000708000000| Untracked 
|  65|0x0000000708200000, 0x0000000708200000, 0x0000000708400000|  0%| F|  |TAMS 0x0000000708200000, 0x0000000708200000| Untracked 
|  66|0x0000000708400000, 0x0000000708400000, 0x0000000708600000|  0%| F|  |TAMS 0x0000000708400000, 0x0000000708400000| Untracked 
|  67|0x0000000708600000, 0x0000000708600000, 0x0000000708800000|  0%| F|  |TAMS 0x0000000708600000, 0x0000000708600000| Untracked 
|  68|0x0000000708800000, 0x0000000708800000, 0x0000000708a00000|  0%| F|  |TAMS 0x0000000708800000, 0x0000000708800000| Untracked 
|  69|0x0000000708a00000, 0x0000000708a00000, 0x0000000708c00000|  0%| F|  |TAMS 0x0000000708a00000, 0x0000000708a00000| Untracked 
|  70|0x0000000708c00000, 0x0000000708c00000, 0x0000000708e00000|  0%| F|  |TAMS 0x0000000708c00000, 0x0000000708c00000| Untracked 
|  71|0x0000000708e00000, 0x0000000708e00000, 0x0000000709000000|  0%| F|  |TAMS 0x0000000708e00000, 0x0000000708e00000| Untracked 
|  72|0x0000000709000000, 0x0000000709000000, 0x0000000709200000|  0%| F|  |TAMS 0x0000000709000000, 0x0000000709000000| Untracked 
|  73|0x0000000709200000, 0x0000000709200000, 0x0000000709400000|  0%| F|  |TAMS 0x0000000709200000, 0x0000000709200000| Untracked 
|  74|0x0000000709400000, 0x0000000709400000, 0x0000000709600000|  0%| F|  |TAMS 0x0000000709400000, 0x0000000709400000| Untracked 
|  75|0x0000000709600000, 0x0000000709600000, 0x0000000709800000|  0%| F|  |TAMS 0x0000000709600000, 0x0000000709600000| Untracked 
|  76|0x0000000709800000, 0x0000000709800000, 0x0000000709a00000|  0%| F|  |TAMS 0x0000000709800000, 0x0000000709800000| Untracked 
|  77|0x0000000709a00000, 0x0000000709a00000, 0x0000000709c00000|  0%| F|  |TAMS 0x0000000709a00000, 0x0000000709a00000| Untracked 
|  78|0x0000000709c00000, 0x0000000709c00000, 0x0000000709e00000|  0%| F|  |TAMS 0x0000000709c00000, 0x0000000709c00000| Untracked 
|  79|0x0000000709e00000, 0x0000000709e00000, 0x000000070a000000|  0%| F|  |TAMS 0x0000000709e00000, 0x0000000709e00000| Untracked 
|  80|0x000000070a000000, 0x000000070a000000, 0x000000070a200000|  0%| F|  |TAMS 0x000000070a000000, 0x000000070a000000| Untracked 
|  81|0x000000070a200000, 0x000000070a200000, 0x000000070a400000|  0%| F|  |TAMS 0x000000070a200000, 0x000000070a200000| Untracked 
|  82|0x000000070a400000, 0x000000070a400000, 0x000000070a600000|  0%| F|  |TAMS 0x000000070a400000, 0x000000070a400000| Untracked 
|  83|0x000000070a600000, 0x000000070a600000, 0x000000070a800000|  0%| F|  |TAMS 0x000000070a600000, 0x000000070a600000| Untracked 
|  84|0x000000070a800000, 0x000000070a800000, 0x000000070aa00000|  0%| F|  |TAMS 0x000000070a800000, 0x000000070a800000| Untracked 
|  85|0x000000070aa00000, 0x000000070aa00000, 0x000000070ac00000|  0%| F|  |TAMS 0x000000070aa00000, 0x000000070aa00000| Untracked 
|  86|0x000000070ac00000, 0x000000070ac00000, 0x000000070ae00000|  0%| F|  |TAMS 0x000000070ac00000, 0x000000070ac00000| Untracked 
|  87|0x000000070ae00000, 0x000000070ae00000, 0x000000070b000000|  0%| F|  |TAMS 0x000000070ae00000, 0x000000070ae00000| Untracked 
|  88|0x000000070b000000, 0x000000070b000000, 0x000000070b200000|  0%| F|  |TAMS 0x000000070b000000, 0x000000070b000000| Untracked 
|  89|0x000000070b200000, 0x000000070b200000, 0x000000070b400000|  0%| F|  |TAMS 0x000000070b200000, 0x000000070b200000| Untracked 
|  90|0x000000070b400000, 0x000000070b400000, 0x000000070b600000|  0%| F|  |TAMS 0x000000070b400000, 0x000000070b400000| Untracked 
|  91|0x000000070b600000, 0x000000070b600000, 0x000000070b800000|  0%| F|  |TAMS 0x000000070b600000, 0x000000070b600000| Untracked 
|  92|0x000000070b800000, 0x000000070b800000, 0x000000070ba00000|  0%| F|  |TAMS 0x000000070b800000, 0x000000070b800000| Untracked 
|  93|0x000000070ba00000, 0x000000070ba00000, 0x000000070bc00000|  0%| F|  |TAMS 0x000000070ba00000, 0x000000070ba00000| Untracked 
|  94|0x000000070bc00000, 0x000000070bc00000, 0x000000070be00000|  0%| F|  |TAMS 0x000000070bc00000, 0x000000070bc00000| Untracked 
|  95|0x000000070be00000, 0x000000070be00000, 0x000000070c000000|  0%| F|  |TAMS 0x000000070be00000, 0x000000070be00000| Untracked 
|  96|0x000000070c000000, 0x000000070c000000, 0x000000070c200000|  0%| F|  |TAMS 0x000000070c000000, 0x000000070c000000| Untracked 
|  97|0x000000070c200000, 0x000000070c200000, 0x000000070c400000|  0%| F|  |TAMS 0x000000070c200000, 0x000000070c200000| Untracked 
|  98|0x000000070c400000, 0x000000070c400000, 0x000000070c600000|  0%| F|  |TAMS 0x000000070c400000, 0x000000070c400000| Untracked 
|  99|0x000000070c600000, 0x000000070c600000, 0x000000070c800000|  0%| F|  |TAMS 0x000000070c600000, 0x000000070c600000| Untracked 
| 100|0x000000070c800000, 0x000000070c800000, 0x000000070ca00000|  0%| F|  |TAMS 0x000000070c800000, 0x000000070c800000| Untracked 
| 101|0x000000070ca00000, 0x000000070cc00000, 0x000000070cc00000|100%| S|CS|TAMS 0x000000070ca00000, 0x000000070ca00000| Complete 
| 102|0x000000070cc00000, 0x000000070ce00000, 0x000000070ce00000|100%| S|CS|TAMS 0x000000070cc00000, 0x000000070cc00000| Complete 
| 103|0x000000070ce00000, 0x000000070ce00000, 0x000000070d000000|  0%| F|  |TAMS 0x000000070ce00000, 0x000000070ce00000| Untracked 
| 104|0x000000070d000000, 0x000000070d000000, 0x000000070d200000|  0%| F|  |TAMS 0x000000070d000000, 0x000000070d000000| Untracked 
| 105|0x000000070d200000, 0x000000070d200000, 0x000000070d400000|  0%| F|  |TAMS 0x000000070d200000, 0x000000070d200000| Untracked 
| 106|0x000000070d400000, 0x000000070d400000, 0x000000070d600000|  0%| F|  |TAMS 0x000000070d400000, 0x000000070d400000| Untracked 
| 107|0x000000070d600000, 0x000000070d600000, 0x000000070d800000|  0%| F|  |TAMS 0x000000070d600000, 0x000000070d600000| Untracked 
| 108|0x000000070d800000, 0x000000070d800000, 0x000000070da00000|  0%| F|  |TAMS 0x000000070d800000, 0x000000070d800000| Untracked 
| 109|0x000000070da00000, 0x000000070da00000, 0x000000070dc00000|  0%| F|  |TAMS 0x000000070da00000, 0x000000070da00000| Untracked 
| 110|0x000000070dc00000, 0x000000070dc00000, 0x000000070de00000|  0%| F|  |TAMS 0x000000070dc00000, 0x000000070dc00000| Untracked 
| 111|0x000000070de00000, 0x000000070de00000, 0x000000070e000000|  0%| F|  |TAMS 0x000000070de00000, 0x000000070de00000| Untracked 
| 112|0x000000070e000000, 0x000000070e000000, 0x000000070e200000|  0%| F|  |TAMS 0x000000070e000000, 0x000000070e000000| Untracked 
| 113|0x000000070e200000, 0x000000070e200000, 0x000000070e400000|  0%| F|  |TAMS 0x000000070e200000, 0x000000070e200000| Untracked 
| 114|0x000000070e400000, 0x000000070e400000, 0x000000070e600000|  0%| F|  |TAMS 0x000000070e400000, 0x000000070e400000| Untracked 
| 115|0x000000070e600000, 0x000000070e600000, 0x000000070e800000|  0%| F|  |TAMS 0x000000070e600000, 0x000000070e600000| Untracked 
| 116|0x000000070e800000, 0x000000070e800000, 0x000000070ea00000|  0%| F|  |TAMS 0x000000070e800000, 0x000000070e800000| Untracked 
| 117|0x000000070ea00000, 0x000000070ea00000, 0x000000070ec00000|  0%| F|  |TAMS 0x000000070ea00000, 0x000000070ea00000| Untracked 
| 118|0x000000070ec00000, 0x000000070ec00000, 0x000000070ee00000|  0%| F|  |TAMS 0x000000070ec00000, 0x000000070ec00000| Untracked 
| 119|0x000000070ee00000, 0x000000070ee00000, 0x000000070f000000|  0%| F|  |TAMS 0x000000070ee00000, 0x000000070ee00000| Untracked 
| 120|0x000000070f000000, 0x000000070f000000, 0x000000070f200000|  0%| F|  |TAMS 0x000000070f000000, 0x000000070f000000| Untracked 
| 121|0x000000070f200000, 0x000000070f200000, 0x000000070f400000|  0%| F|  |TAMS 0x000000070f200000, 0x000000070f200000| Untracked 
| 122|0x000000070f400000, 0x000000070f400000, 0x000000070f600000|  0%| F|  |TAMS 0x000000070f400000, 0x000000070f400000| Untracked 
| 123|0x000000070f600000, 0x000000070f600000, 0x000000070f800000|  0%| F|  |TAMS 0x000000070f600000, 0x000000070f600000| Untracked 
| 124|0x000000070f800000, 0x000000070f800000, 0x000000070fa00000|  0%| F|  |TAMS 0x000000070f800000, 0x000000070f800000| Untracked 
| 125|0x000000070fa00000, 0x000000070fa00000, 0x000000070fc00000|  0%| F|  |TAMS 0x000000070fa00000, 0x000000070fa00000| Untracked 
| 126|0x000000070fc00000, 0x000000070fc00000, 0x000000070fe00000|  0%| F|  |TAMS 0x000000070fc00000, 0x000000070fc00000| Untracked 
| 127|0x000000070fe00000, 0x000000070fe00000, 0x0000000710000000|  0%| F|  |TAMS 0x000000070fe00000, 0x000000070fe00000| Untracked 
| 128|0x0000000710000000, 0x0000000710000000, 0x0000000710200000|  0%| F|  |TAMS 0x0000000710000000, 0x0000000710000000| Untracked 
| 129|0x0000000710200000, 0x0000000710200000, 0x0000000710400000|  0%| F|  |TAMS 0x0000000710200000, 0x0000000710200000| Untracked 
| 130|0x0000000710400000, 0x0000000710400000, 0x0000000710600000|  0%| F|  |TAMS 0x0000000710400000, 0x0000000710400000| Untracked 
| 131|0x0000000710600000, 0x0000000710800000, 0x0000000710800000|100%| E|  |TAMS 0x0000000710600000, 0x0000000710600000| Complete 
| 132|0x0000000710800000, 0x0000000710a00000, 0x0000000710a00000|100%| E|CS|TAMS 0x0000000710800000, 0x0000000710800000| Complete 
| 133|0x0000000710a00000, 0x0000000710c00000, 0x0000000710c00000|100%| E|CS|TAMS 0x0000000710a00000, 0x0000000710a00000| Complete 
| 134|0x0000000710c00000, 0x0000000710e00000, 0x0000000710e00000|100%| E|CS|TAMS 0x0000000710c00000, 0x0000000710c00000| Complete 
| 135|0x0000000710e00000, 0x0000000711000000, 0x0000000711000000|100%| E|CS|TAMS 0x0000000710e00000, 0x0000000710e00000| Complete 
| 136|0x0000000711000000, 0x0000000711200000, 0x0000000711200000|100%| E|CS|TAMS 0x0000000711000000, 0x0000000711000000| Complete 
| 137|0x0000000711200000, 0x0000000711400000, 0x0000000711400000|100%| E|CS|TAMS 0x0000000711200000, 0x0000000711200000| Complete 
| 138|0x0000000711400000, 0x0000000711600000, 0x0000000711600000|100%| E|CS|TAMS 0x0000000711400000, 0x0000000711400000| Complete 
| 139|0x0000000711600000, 0x0000000711800000, 0x0000000711800000|100%| E|CS|TAMS 0x0000000711600000, 0x0000000711600000| Complete 
| 140|0x0000000711800000, 0x0000000711a00000, 0x0000000711a00000|100%| E|CS|TAMS 0x0000000711800000, 0x0000000711800000| Complete 
| 141|0x0000000711a00000, 0x0000000711c00000, 0x0000000711c00000|100%| E|CS|TAMS 0x0000000711a00000, 0x0000000711a00000| Complete 
| 142|0x0000000711c00000, 0x0000000711e00000, 0x0000000711e00000|100%| E|CS|TAMS 0x0000000711c00000, 0x0000000711c00000| Complete 
| 143|0x0000000711e00000, 0x0000000712000000, 0x0000000712000000|100%| E|CS|TAMS 0x0000000711e00000, 0x0000000711e00000| Complete 
| 144|0x0000000712000000, 0x0000000712200000, 0x0000000712200000|100%| E|CS|TAMS 0x0000000712000000, 0x0000000712000000| Complete 
| 145|0x0000000712200000, 0x0000000712400000, 0x0000000712400000|100%| E|CS|TAMS 0x0000000712200000, 0x0000000712200000| Complete 
| 146|0x0000000712400000, 0x0000000712600000, 0x0000000712600000|100%| E|CS|TAMS 0x0000000712400000, 0x0000000712400000| Complete 
| 147|0x0000000712600000, 0x0000000712800000, 0x0000000712800000|100%| E|CS|TAMS 0x0000000712600000, 0x0000000712600000| Complete 
| 148|0x0000000712800000, 0x0000000712a00000, 0x0000000712a00000|100%| E|CS|TAMS 0x0000000712800000, 0x0000000712800000| Complete 
| 149|0x0000000712a00000, 0x0000000712c00000, 0x0000000712c00000|100%| E|CS|TAMS 0x0000000712a00000, 0x0000000712a00000| Complete 
| 150|0x0000000712c00000, 0x0000000712e00000, 0x0000000712e00000|100%| E|CS|TAMS 0x0000000712c00000, 0x0000000712c00000| Complete 
| 151|0x0000000712e00000, 0x0000000713000000, 0x0000000713000000|100%| E|CS|TAMS 0x0000000712e00000, 0x0000000712e00000| Complete 
| 152|0x0000000713000000, 0x0000000713200000, 0x0000000713200000|100%| E|CS|TAMS 0x0000000713000000, 0x0000000713000000| Complete 
| 153|0x0000000713200000, 0x0000000713400000, 0x0000000713400000|100%| E|CS|TAMS 0x0000000713200000, 0x0000000713200000| Complete 
| 154|0x0000000713400000, 0x0000000713600000, 0x0000000713600000|100%| E|CS|TAMS 0x0000000713400000, 0x0000000713400000| Complete 
| 155|0x0000000713600000, 0x0000000713800000, 0x0000000713800000|100%| E|CS|TAMS 0x0000000713600000, 0x0000000713600000| Complete 
| 156|0x0000000713800000, 0x0000000713a00000, 0x0000000713a00000|100%| E|CS|TAMS 0x0000000713800000, 0x0000000713800000| Complete 
| 157|0x0000000713a00000, 0x0000000713c00000, 0x0000000713c00000|100%| E|CS|TAMS 0x0000000713a00000, 0x0000000713a00000| Complete 
| 158|0x0000000713c00000, 0x0000000713e00000, 0x0000000713e00000|100%| E|CS|TAMS 0x0000000713c00000, 0x0000000713c00000| Complete 
| 159|0x0000000713e00000, 0x0000000714000000, 0x0000000714000000|100%| E|CS|TAMS 0x0000000713e00000, 0x0000000713e00000| Complete 
| 160|0x0000000714000000, 0x0000000714200000, 0x0000000714200000|100%| E|CS|TAMS 0x0000000714000000, 0x0000000714000000| Complete 
| 161|0x0000000714200000, 0x0000000714400000, 0x0000000714400000|100%| E|CS|TAMS 0x0000000714200000, 0x0000000714200000| Complete 
| 162|0x0000000714400000, 0x0000000714600000, 0x0000000714600000|100%| E|CS|TAMS 0x0000000714400000, 0x0000000714400000| Complete 
| 163|0x0000000714600000, 0x0000000714800000, 0x0000000714800000|100%| E|CS|TAMS 0x0000000714600000, 0x0000000714600000| Complete 
| 164|0x0000000714800000, 0x0000000714a00000, 0x0000000714a00000|100%| E|CS|TAMS 0x0000000714800000, 0x0000000714800000| Complete 
| 165|0x0000000714a00000, 0x0000000714c00000, 0x0000000714c00000|100%| E|CS|TAMS 0x0000000714a00000, 0x0000000714a00000| Complete 
| 166|0x0000000714c00000, 0x0000000714e00000, 0x0000000714e00000|100%| E|CS|TAMS 0x0000000714c00000, 0x0000000714c00000| Complete 
| 167|0x0000000714e00000, 0x0000000715000000, 0x0000000715000000|100%| E|CS|TAMS 0x0000000714e00000, 0x0000000714e00000| Complete 
| 168|0x0000000715000000, 0x0000000715200000, 0x0000000715200000|100%| E|CS|TAMS 0x0000000715000000, 0x0000000715000000| Complete 
| 169|0x0000000715200000, 0x0000000715400000, 0x0000000715400000|100%| E|CS|TAMS 0x0000000715200000, 0x0000000715200000| Complete 
| 170|0x0000000715400000, 0x0000000715600000, 0x0000000715600000|100%| E|CS|TAMS 0x0000000715400000, 0x0000000715400000| Complete 
| 171|0x0000000715600000, 0x0000000715800000, 0x0000000715800000|100%| E|CS|TAMS 0x0000000715600000, 0x0000000715600000| Complete 
| 172|0x0000000715800000, 0x0000000715a00000, 0x0000000715a00000|100%| E|CS|TAMS 0x0000000715800000, 0x0000000715800000| Complete 
| 173|0x0000000715a00000, 0x0000000715c00000, 0x0000000715c00000|100%| E|CS|TAMS 0x0000000715a00000, 0x0000000715a00000| Complete 
| 174|0x0000000715c00000, 0x0000000715e00000, 0x0000000715e00000|100%| E|CS|TAMS 0x0000000715c00000, 0x0000000715c00000| Complete 
| 175|0x0000000715e00000, 0x0000000716000000, 0x0000000716000000|100%| E|CS|TAMS 0x0000000715e00000, 0x0000000715e00000| Complete 
| 176|0x0000000716000000, 0x0000000716200000, 0x0000000716200000|100%| E|CS|TAMS 0x0000000716000000, 0x0000000716000000| Complete 
| 177|0x0000000716200000, 0x0000000716400000, 0x0000000716400000|100%| E|CS|TAMS 0x0000000716200000, 0x0000000716200000| Complete 
| 178|0x0000000716400000, 0x0000000716600000, 0x0000000716600000|100%| E|CS|TAMS 0x0000000716400000, 0x0000000716400000| Complete 
| 179|0x0000000716600000, 0x0000000716800000, 0x0000000716800000|100%| E|CS|TAMS 0x0000000716600000, 0x0000000716600000| Complete 
| 180|0x0000000716800000, 0x0000000716a00000, 0x0000000716a00000|100%| E|CS|TAMS 0x0000000716800000, 0x0000000716800000| Complete 
| 181|0x0000000716a00000, 0x0000000716c00000, 0x0000000716c00000|100%| E|CS|TAMS 0x0000000716a00000, 0x0000000716a00000| Complete 
| 182|0x0000000716c00000, 0x0000000716e00000, 0x0000000716e00000|100%| E|CS|TAMS 0x0000000716c00000, 0x0000000716c00000| Complete 
| 183|0x0000000716e00000, 0x0000000717000000, 0x0000000717000000|100%| E|CS|TAMS 0x0000000716e00000, 0x0000000716e00000| Complete 
| 184|0x0000000717000000, 0x0000000717200000, 0x0000000717200000|100%| E|CS|TAMS 0x0000000717000000, 0x0000000717000000| Complete 
| 185|0x0000000717200000, 0x0000000717400000, 0x0000000717400000|100%| E|CS|TAMS 0x0000000717200000, 0x0000000717200000| Complete 
| 186|0x0000000717400000, 0x0000000717600000, 0x0000000717600000|100%| E|CS|TAMS 0x0000000717400000, 0x0000000717400000| Complete 
| 187|0x0000000717600000, 0x0000000717800000, 0x0000000717800000|100%| E|CS|TAMS 0x0000000717600000, 0x0000000717600000| Complete 
| 188|0x0000000717800000, 0x0000000717a00000, 0x0000000717a00000|100%| E|CS|TAMS 0x0000000717800000, 0x0000000717800000| Complete 
| 189|0x0000000717a00000, 0x0000000717c00000, 0x0000000717c00000|100%| E|CS|TAMS 0x0000000717a00000, 0x0000000717a00000| Complete 
| 190|0x0000000717c00000, 0x0000000717e00000, 0x0000000717e00000|100%| E|CS|TAMS 0x0000000717c00000, 0x0000000717c00000| Complete 
| 191|0x0000000717e00000, 0x0000000718000000, 0x0000000718000000|100%| E|CS|TAMS 0x0000000717e00000, 0x0000000717e00000| Complete 
| 192|0x0000000718000000, 0x0000000718200000, 0x0000000718200000|100%| E|CS|TAMS 0x0000000718000000, 0x0000000718000000| Complete 
| 193|0x0000000718200000, 0x0000000718400000, 0x0000000718400000|100%| E|CS|TAMS 0x0000000718200000, 0x0000000718200000| Complete 
| 194|0x0000000718400000, 0x0000000718600000, 0x0000000718600000|100%| E|CS|TAMS 0x0000000718400000, 0x0000000718400000| Complete 
| 195|0x0000000718600000, 0x0000000718800000, 0x0000000718800000|100%| E|CS|TAMS 0x0000000718600000, 0x0000000718600000| Complete 
| 196|0x0000000718800000, 0x0000000718a00000, 0x0000000718a00000|100%| E|CS|TAMS 0x0000000718800000, 0x0000000718800000| Complete 
| 197|0x0000000718a00000, 0x0000000718c00000, 0x0000000718c00000|100%| E|CS|TAMS 0x0000000718a00000, 0x0000000718a00000| Complete 
| 198|0x0000000718c00000, 0x0000000718e00000, 0x0000000718e00000|100%| E|CS|TAMS 0x0000000718c00000, 0x0000000718c00000| Complete 
| 199|0x0000000718e00000, 0x0000000719000000, 0x0000000719000000|100%| E|CS|TAMS 0x0000000718e00000, 0x0000000718e00000| Complete 
|2046|0x00000007ffc00000, 0x00000007ffe00000, 0x00000007ffe00000|100%| O|  |TAMS 0x00000007ffe00000, 0x00000007ffc00000| Untracked 
|2047|0x00000007ffe00000, 0x0000000800000000, 0x0000000800000000|100%| O|  |TAMS 0x0000000800000000, 0x00000007ffe00000| Untracked 

Card table byte_map: [0x0000024f712b0000,0x0000024f71ab0000] _byte_map_base: 0x0000024f6dab0000

Marking Bits (Prev, Next): (CMBitMap*) 0x0000024f5a257c70, (CMBitMap*) 0x0000024f5a257c30
 Prev Bits: [0x0000024f762b0000, 0x0000024f7a2b0000)
 Next Bits: [0x0000024f722b0000, 0x0000024f762b0000)

Polling page: 0x0000024f58140000

Metaspace:

Usage:
  Non-class:    113.98 MB used.
      Class:     16.41 MB used.
       Both:    130.39 MB used.

Virtual space:
  Non-class space:      128.00 MB reserved,     114.50 MB ( 89%) committed,  2 nodes.
      Class space:        1.00 GB reserved,      16.94 MB (  2%) committed,  1 nodes.
             Both:        1.12 GB reserved,     131.44 MB ( 11%) committed. 

Chunk freelists:
   Non-Class:  13.33 MB
       Class:  15.09 MB
        Both:  28.42 MB

MaxMetaspaceSize: unlimited
CompressedClassSpaceSize: 1.00 GB
Initial GC threshold: 21.00 MB
Current GC threshold: 204.38 MB
CDS: on
MetaspaceReclaimPolicy: balanced
 - commit_granule_bytes: 65536.
 - commit_granule_words: 8192.
 - virtual_space_node_default_size: 8388608.
 - enlarge_chunks_in_place: 1.
 - new_chunks_are_fully_committed: 0.
 - uncommit_free_chunks: 1.
 - use_allocation_guard: 0.
 - handle_deallocations: 1.


Internal statistics:

num_allocs_failed_limit: 12.
num_arena_births: 1672.
num_arena_deaths: 8.
num_vsnodes_births: 3.
num_vsnodes_deaths: 0.
num_space_committed: 2101.
num_space_uncommitted: 0.
num_chunks_returned_to_freelist: 27.
num_chunks_taken_from_freelist: 6975.
num_chunk_merges: 13.
num_chunk_splits: 4983.
num_chunks_enlarged: 3712.
num_inconsistent_stats: 0.

CodeHeap 'non-profiled nmethods': size=120000Kb used=10506Kb max_used=10582Kb free=109493Kb
 bounds [0x0000024f69580000, 0x0000024f69fe0000, 0x0000024f70ab0000]
CodeHeap 'profiled nmethods': size=120000Kb used=39963Kb max_used=39963Kb free=80036Kb
 bounds [0x0000024f61ab0000, 0x0000024f641c0000, 0x0000024f68fe0000]
CodeHeap 'non-nmethods': size=5760Kb used=2573Kb max_used=2681Kb free=3186Kb
 bounds [0x0000024f68fe0000, 0x0000024f692a0000, 0x0000024f69580000]
 total_blobs=17010 nmethods=15875 adapters=1043
 compilation: enabled
              stopped_count=0, restarted_count=0
 full_count=0

Compilation events (20 events):
Event: 118.430 Thread 0x0000024f7c769a30 18680       1       org.jetbrains.kotlin.resolve.lazy.data.KtScriptInfo::getScript (5 bytes)
Event: 118.430 Thread 0x0000024f7c769a30 nmethod 18680 0x0000024f699e7290 code [0x0000024f699e7420, 0x0000024f699e74f8]
Event: 118.467 Thread 0x0000024f7c769a30 18681   !   3       java.io.RandomAccessFile::close (69 bytes)
Event: 118.467 Thread 0x0000024f7c769a30 nmethod 18681 0x0000024f6419c790 code [0x0000024f6419c980, 0x0000024f6419ced8]
Event: 118.616 Thread 0x0000024f7c769a30 18683       3       org.jetbrains.kotlin.metadata.ProtoBuf$TypeAlias::initFields (57 bytes)
Event: 118.616 Thread 0x0000024f7c769a30 nmethod 18683 0x0000024f6419d090 code [0x0000024f6419d280, 0x0000024f6419d7d8]
Event: 118.616 Thread 0x0000024f7c769a30 18684       3       org.jetbrains.kotlin.metadata.ProtoBuf$TypeAlias$1::parsePartialFrom (7 bytes)
Event: 118.616 Thread 0x0000024f7c769a30 nmethod 18684 0x0000024f63482490 code [0x0000024f63482620, 0x0000024f63482768]
Event: 118.616 Thread 0x0000024f7c769a30 18685       3       org.jetbrains.kotlin.metadata.ProtoBuf$TypeAlias::<init> (7 bytes)
Event: 118.617 Thread 0x0000024f7c769a30 nmethod 18685 0x0000024f634cdd10 code [0x0000024f634cdea0, 0x0000024f634cdfe8]
Event: 118.617 Thread 0x0000024f7c769a30 18686       3       org.jetbrains.kotlin.metadata.ProtoBuf$TypeAlias::hasName (16 bytes)
Event: 118.617 Thread 0x0000024f7c769a30 nmethod 18686 0x0000024f6419d910 code [0x0000024f6419daa0, 0x0000024f6419dc18]
Event: 118.617 Thread 0x0000024f7c769a30 18687       3       org.jetbrains.kotlin.metadata.ProtoBuf$TypeAlias::hasUnderlyingType (16 bytes)
Event: 118.617 Thread 0x0000024f7c769a30 nmethod 18687 0x0000024f6419dc90 code [0x0000024f6419de20, 0x0000024f6419df98]
Event: 118.617 Thread 0x0000024f7c769a30 18688       3       org.jetbrains.kotlin.metadata.ProtoBuf$TypeAlias::hasExpandedType (18 bytes)
Event: 118.617 Thread 0x0000024f7c769a30 nmethod 18688 0x0000024f6419e010 code [0x0000024f6419e1a0, 0x0000024f6419e318]
Event: 118.617 Thread 0x0000024f7c769a30 18689       3       org.jetbrains.kotlin.metadata.ProtoBuf$TypeAlias::writeTo (271 bytes)
Event: 118.619 Thread 0x0000024f7c769a30 nmethod 18689 0x0000024f6419e390 code [0x0000024f6419e940, 0x0000024f641a1358]
Event: 118.622 Thread 0x0000024f7c769a30 18690       3       java.util.LinkedHashMap$LinkedValues::toArray (18 bytes)
Event: 118.623 Thread 0x0000024f7c769a30 nmethod 18690 0x0000024f641a2310 code [0x0000024f641a24c0, 0x0000024f641a26a8]

GC Heap History (20 events):
Event: 58.861 GC heap before
{Heap before GC invocations=46 (full 0):
 garbage-first heap   total 194560K, used 147832K [0x0000000700000000, 0x0000000800000000)
  region size 2048K, 22 young (45056K), 2 survivors (4096K)
 Metaspace       used 114659K, committed 115392K, reserved 1179648K
  class space    used 14716K, committed 15040K, reserved 1048576K
}
Event: 58.870 GC heap after
{Heap after GC invocations=47 (full 0):
 garbage-first heap   total 194560K, used 111169K [0x0000000700000000, 0x0000000800000000)
  region size 2048K, 3 young (6144K), 3 survivors (6144K)
 Metaspace       used 114659K, committed 115392K, reserved 1179648K
  class space    used 14716K, committed 15040K, reserved 1048576K
}
Event: 58.882 GC heap before
{Heap before GC invocations=47 (full 0):
 garbage-first heap   total 194560K, used 113217K [0x0000000700000000, 0x0000000800000000)
  region size 2048K, 4 young (8192K), 3 survivors (6144K)
 Metaspace       used 114660K, committed 115392K, reserved 1179648K
  class space    used 14716K, committed 15040K, reserved 1048576K
}
Event: 58.890 GC heap after
{Heap after GC invocations=48 (full 0):
 garbage-first heap   total 194560K, used 105770K [0x0000000700000000, 0x0000000800000000)
  region size 2048K, 1 young (2048K), 1 survivors (2048K)
 Metaspace       used 114660K, committed 115392K, reserved 1179648K
  class space    used 14716K, committed 15040K, reserved 1048576K
}
Event: 61.205 GC heap before
{Heap before GC invocations=48 (full 0):
 garbage-first heap   total 194560K, used 156970K [0x0000000700000000, 0x0000000800000000)
  region size 2048K, 26 young (53248K), 1 survivors (2048K)
 Metaspace       used 117467K, committed 118336K, reserved 1179648K
  class space    used 15022K, committed 15424K, reserved 1048576K
}
Event: 61.212 GC heap after
{Heap after GC invocations=49 (full 0):
 garbage-first heap   total 194560K, used 109368K [0x0000000700000000, 0x0000000800000000)
  region size 2048K, 3 young (6144K), 3 survivors (6144K)
 Metaspace       used 117467K, committed 118336K, reserved 1179648K
  class space    used 15022K, committed 15424K, reserved 1048576K
}
Event: 63.942 GC heap before
{Heap before GC invocations=50 (full 0):
 garbage-first heap   total 198656K, used 156472K [0x0000000700000000, 0x0000000800000000)
  region size 2048K, 26 young (53248K), 3 survivors (6144K)
 Metaspace       used 121743K, committed 122560K, reserved 1179648K
  class space    used 15763K, committed 16128K, reserved 1048576K
}
Event: 63.951 GC heap after
{Heap after GC invocations=51 (full 0):
 garbage-first heap   total 198656K, used 111662K [0x0000000700000000, 0x0000000800000000)
  region size 2048K, 2 young (4096K), 2 survivors (4096K)
 Metaspace       used 121743K, committed 122560K, reserved 1179648K
  class space    used 15763K, committed 16128K, reserved 1048576K
}
Event: 64.093 GC heap before
{Heap before GC invocations=51 (full 0):
 garbage-first heap   total 198656K, used 115758K [0x0000000700000000, 0x0000000800000000)
  region size 2048K, 4 young (8192K), 2 survivors (4096K)
 Metaspace       used 122250K, committed 123072K, reserved 1179648K
  class space    used 15833K, committed 16192K, reserved 1048576K
}
Event: 64.102 GC heap after
{Heap after GC invocations=52 (full 0):
 garbage-first heap   total 198656K, used 102273K [0x0000000700000000, 0x0000000800000000)
  region size 2048K, 1 young (2048K), 1 survivors (2048K)
 Metaspace       used 122250K, committed 123072K, reserved 1179648K
  class space    used 15833K, committed 16192K, reserved 1048576K
}
Event: 65.357 GC heap before
{Heap before GC invocations=52 (full 0):
 garbage-first heap   total 198656K, used 132993K [0x0000000700000000, 0x0000000800000000)
  region size 2048K, 18 young (36864K), 1 survivors (2048K)
 Metaspace       used 124693K, committed 125504K, reserved 1179648K
  class space    used 16062K, committed 16448K, reserved 1048576K
}
Event: 65.360 GC heap after
{Heap after GC invocations=53 (full 0):
 garbage-first heap   total 198656K, used 102448K [0x0000000700000000, 0x0000000800000000)
  region size 2048K, 1 young (2048K), 1 survivors (2048K)
 Metaspace       used 124693K, committed 125504K, reserved 1179648K
  class space    used 16062K, committed 16448K, reserved 1048576K
}
Event: 66.510 GC heap before
{Heap before GC invocations=54 (full 0):
 garbage-first heap   total 204800K, used 167984K [0x0000000700000000, 0x0000000800000000)
  region size 2048K, 31 young (63488K), 1 survivors (2048K)
 Metaspace       used 124866K, committed 125696K, reserved 1179648K
  class space    used 16063K, committed 16448K, reserved 1048576K
}
Event: 66.523 GC heap after
{Heap after GC invocations=55 (full 0):
 garbage-first heap   total 204800K, used 112680K [0x0000000700000000, 0x0000000800000000)
  region size 2048K, 4 young (8192K), 4 survivors (8192K)
 Metaspace       used 124866K, committed 125696K, reserved 1179648K
  class space    used 16063K, committed 16448K, reserved 1048576K
}
Event: 66.528 GC heap before
{Heap before GC invocations=55 (full 0):
 garbage-first heap   total 204800K, used 112680K [0x0000000700000000, 0x0000000800000000)
  region size 2048K, 5 young (10240K), 4 survivors (8192K)
 Metaspace       used 124866K, committed 125696K, reserved 1179648K
  class space    used 16063K, committed 16448K, reserved 1048576K
}
Event: 66.542 GC heap after
{Heap after GC invocations=56 (full 0):
 garbage-first heap   total 413696K, used 105395K [0x0000000700000000, 0x0000000800000000)
  region size 2048K, 1 young (2048K), 1 survivors (2048K)
 Metaspace       used 124866K, committed 125696K, reserved 1179648K
  class space    used 16063K, committed 16448K, reserved 1048576K
}
Event: 75.690 GC heap before
{Heap before GC invocations=56 (full 0):
 garbage-first heap   total 413696K, used 328627K [0x0000000700000000, 0x0000000800000000)
  region size 2048K, 111 young (227328K), 1 survivors (2048K)
 Metaspace       used 129065K, committed 129920K, reserved 1179648K
  class space    used 16411K, committed 16832K, reserved 1048576K
}
Event: 75.704 GC heap after
{Heap after GC invocations=57 (full 0):
 garbage-first heap   total 413696K, used 120039K [0x0000000700000000, 0x0000000800000000)
  region size 2048K, 8 young (16384K), 8 survivors (16384K)
 Metaspace       used 129065K, committed 129920K, reserved 1179648K
  class space    used 16411K, committed 16832K, reserved 1048576K
}
Event: 111.676 GC heap before
{Heap before GC invocations=57 (full 0):
 garbage-first heap   total 413696K, used 316647K [0x0000000700000000, 0x0000000800000000)
  region size 2048K, 105 young (215040K), 8 survivors (16384K)
 Metaspace       used 132068K, committed 132992K, reserved 1179648K
  class space    used 16681K, committed 17088K, reserved 1048576K
}
Event: 111.687 GC heap after
{Heap after GC invocations=58 (full 0):
 garbage-first heap   total 413696K, used 119112K [0x0000000700000000, 0x0000000800000000)
  region size 2048K, 2 young (4096K), 2 survivors (4096K)
 Metaspace       used 132068K, committed 132992K, reserved 1179648K
  class space    used 16681K, committed 17088K, reserved 1048576K
}

Deoptimization events (20 events):
Event: 115.162 Thread 0x0000024f7e2ce600 Uncommon trap: trap_request=0xffffffbe fr.pc=0x0000024f69f351cc relative=0x00000000000097cc
Event: 115.162 Thread 0x0000024f7e2ce600 Uncommon trap: reason=profile_predicate action=maybe_recompile pc=0x0000024f69f351cc method=org.jetbrains.org.objectweb.asm.ClassReader.accept(Lorg/jetbrains/org/objectweb/asm/ClassVisitor;[Lorg/jetbrains/org/objectweb/asm/Attribute;I)V @ 1176 c2
Event: 115.162 Thread 0x0000024f7e2ce600 DEOPT PACKING pc=0x0000024f69f351cc sp=0x000000b89b3f4eb0
Event: 115.162 Thread 0x0000024f7e2ce600 DEOPT UNPACKING pc=0x0000024f690323a3 sp=0x000000b89b3f4ea8 mode 2
Event: 115.364 Thread 0x0000024f7e2ce600 Uncommon trap: trap_request=0xffffffde fr.pc=0x0000024f69dfbec8 relative=0x0000000000000128
Event: 115.364 Thread 0x0000024f7e2ce600 Uncommon trap: reason=class_check action=maybe_recompile pc=0x0000024f69dfbec8 method=kotlin.collections.AbstractList$IteratorImpl.next()Ljava/lang/Object; @ 32 c2
Event: 115.364 Thread 0x0000024f7e2ce600 DEOPT PACKING pc=0x0000024f69dfbec8 sp=0x000000b89b3f4620
Event: 115.364 Thread 0x0000024f7e2ce600 DEOPT UNPACKING pc=0x0000024f690323a3 sp=0x000000b89b3f45b8 mode 2
Event: 115.369 Thread 0x0000024f7e2ce600 Uncommon trap: trap_request=0xffffffde fr.pc=0x0000024f69dfbec8 relative=0x0000000000000128
Event: 115.369 Thread 0x0000024f7e2ce600 Uncommon trap: reason=class_check action=maybe_recompile pc=0x0000024f69dfbec8 method=kotlin.collections.AbstractList$IteratorImpl.next()Ljava/lang/Object; @ 32 c2
Event: 115.369 Thread 0x0000024f7e2ce600 DEOPT PACKING pc=0x0000024f69dfbec8 sp=0x000000b89b3f43a0
Event: 115.369 Thread 0x0000024f7e2ce600 DEOPT UNPACKING pc=0x0000024f690323a3 sp=0x000000b89b3f4338 mode 2
Event: 116.520 Thread 0x0000024f7e2ce600 Uncommon trap: trap_request=0xffffffde fr.pc=0x0000024f69eff874 relative=0x00000000000001b4
Event: 116.520 Thread 0x0000024f7e2ce600 Uncommon trap: reason=class_check action=maybe_recompile pc=0x0000024f69eff874 method=io.papermc.paperweight.userdev.internal.setup.util.UtilsKt$cleanSharedCaches$toDelete$1$1.invoke(Ljava/lang/Object;)Ljava/lang/Object; @ 2 c2
Event: 116.520 Thread 0x0000024f7e2ce600 DEOPT PACKING pc=0x0000024f69eff874 sp=0x000000b89b3f9170
Event: 116.520 Thread 0x0000024f7e2ce600 DEOPT UNPACKING pc=0x0000024f690323a3 sp=0x000000b89b3f90f8 mode 2
Event: 116.520 Thread 0x0000024f7e2ce600 Uncommon trap: trap_request=0xffffffde fr.pc=0x0000024f69effc78 relative=0x0000000000000058
Event: 116.520 Thread 0x0000024f7e2ce600 Uncommon trap: reason=class_check action=maybe_recompile pc=0x0000024f69effc78 method=kotlin.io.path.PathsKt__PathUtilsKt.getName(Ljava/nio/file/Path;)Ljava/lang/String; @ 7 c2
Event: 116.520 Thread 0x0000024f7e2ce600 DEOPT PACKING pc=0x0000024f69effc78 sp=0x000000b89b3f9090
Event: 116.520 Thread 0x0000024f7e2ce600 DEOPT UNPACKING pc=0x0000024f690323a3 sp=0x000000b89b3f9030 mode 2

Classes unloaded (15 events):
Event: 22.011 Thread 0x0000024f7c749f50 Unloading class 0x0000024f01540918 '_BuildScript_$_run_closure1$_closure2'
Event: 22.011 Thread 0x0000024f7c749f50 Unloading class 0x0000024f01540530 '_BuildScript_$_run_closure1'
Event: 22.011 Thread 0x0000024f7c749f50 Unloading class 0x0000024f01540000 '_BuildScript_'
Event: 33.467 Thread 0x0000024f7c749f50 Unloading class 0x0000024f015d3800 '_BuildScript_'
Event: 33.467 Thread 0x0000024f7c749f50 Unloading class 0x0000024f015d1918 '_BuildScript_$_run_closure1$_closure2'
Event: 33.467 Thread 0x0000024f7c749f50 Unloading class 0x0000024f015d1530 '_BuildScript_$_run_closure1'
Event: 33.468 Thread 0x0000024f7c749f50 Unloading class 0x0000024f015d1000 '_BuildScript_'
Event: 33.468 Thread 0x0000024f7c749f50 Unloading class 0x0000024f015ce000 '_BuildScript_$_run_closure1$_closure2'
Event: 33.468 Thread 0x0000024f7c749f50 Unloading class 0x0000024f015cd918 '_BuildScript_$_run_closure1'
Event: 33.468 Thread 0x0000024f7c749f50 Unloading class 0x0000024f015cd3e8 '_BuildScript_'
Event: 33.468 Thread 0x0000024f7c749f50 Unloading class 0x0000024f015cd000 'ProtobufPatchPlugin$_apply_closure1$_closure2$_closure3$_closure4'
Event: 33.468 Thread 0x0000024f7c749f50 Unloading class 0x0000024f015cca98 'ProtobufPatchPlugin$_apply_closure1$_closure2$_closure3'
Event: 33.468 Thread 0x0000024f7c749f50 Unloading class 0x0000024f015cc6b0 'ProtobufPatchPlugin$_apply_closure1$_closure2'
Event: 33.468 Thread 0x0000024f7c749f50 Unloading class 0x0000024f015cc2c8 'ProtobufPatchPlugin$_apply_closure1'
Event: 33.468 Thread 0x0000024f7c749f50 Unloading class 0x0000024f015cc000 'ProtobufPatchPlugin'

Classes redefined (0 events):
No events

Internal exceptions (20 events):
Event: 116.514 Thread 0x0000024f7e2ce600 Exception <a 'sun/nio/fs/WindowsException'{0x0000000712f22770}> (0x0000000712f22770) 
thrown [s\open\src\hotspot\share\prims\jni.cpp, line 516]
Event: 116.514 Thread 0x0000024f7e2ce600 Exception <a 'sun/nio/fs/WindowsException'{0x0000000712f255a8}> (0x0000000712f255a8) 
thrown [s\open\src\hotspot\share\prims\jni.cpp, line 516]
Event: 116.515 Thread 0x0000024f7e2ce600 Exception <a 'sun/nio/fs/WindowsException'{0x0000000712f26eb8}> (0x0000000712f26eb8) 
thrown [s\open\src\hotspot\share\prims\jni.cpp, line 516]
Event: 116.519 Thread 0x0000024f7e2ce600 Exception <a 'sun/nio/fs/WindowsException'{0x0000000712f4aeb0}> (0x0000000712f4aeb0) 
thrown [s\open\src\hotspot\share\prims\jni.cpp, line 516]
Event: 116.636 Thread 0x0000024f7e2ce600 Exception <a 'sun/nio/fs/WindowsException'{0x0000000712b3e300}> (0x0000000712b3e300) 
thrown [s\open\src\hotspot\share\prims\jni.cpp, line 516]
Event: 116.636 Thread 0x0000024f7e2ce600 Exception <a 'sun/nio/fs/WindowsException'{0x0000000712b3e928}> (0x0000000712b3e928) 
thrown [s\open\src\hotspot\share\prims\jni.cpp, line 516]
Event: 116.746 Thread 0x0000024f7e2ce600 Exception <a 'sun/nio/fs/WindowsException'{0x0000000712666f38}> (0x0000000712666f38) 
thrown [s\open\src\hotspot\share\prims\jni.cpp, line 516]
Event: 116.746 Thread 0x0000024f7e2ce600 Exception <a 'sun/nio/fs/WindowsException'{0x0000000712667560}> (0x0000000712667560) 
thrown [s\open\src\hotspot\share\prims\jni.cpp, line 516]
Event: 116.853 Thread 0x0000024f7e2ce600 Exception <a 'sun/nio/fs/WindowsException'{0x000000071259f960}> (0x000000071259f960) 
thrown [s\open\src\hotspot\share\prims\jni.cpp, line 516]
Event: 116.853 Thread 0x0000024f7e2ce600 Exception <a 'sun/nio/fs/WindowsException'{0x000000071259ff88}> (0x000000071259ff88) 
thrown [s\open\src\hotspot\share\prims\jni.cpp, line 516]
Event: 116.963 Thread 0x0000024f7e2ce600 Exception <a 'sun/nio/fs/WindowsException'{0x00000007120f44b0}> (0x00000007120f44b0) 
thrown [s\open\src\hotspot\share\prims\jni.cpp, line 516]
Event: 116.964 Thread 0x0000024f7e2ce600 Exception <a 'sun/nio/fs/WindowsException'{0x00000007120f4ad8}> (0x00000007120f4ad8) 
thrown [s\open\src\hotspot\share\prims\jni.cpp, line 516]
Event: 117.135 Thread 0x0000024f7e2ce600 Exception <a 'sun/nio/fs/WindowsException'{0x0000000711c7a8c8}> (0x0000000711c7a8c8) 
thrown [s\open\src\hotspot\share\prims\jni.cpp, line 516]
Event: 117.135 Thread 0x0000024f7e2ce600 Exception <a 'sun/nio/fs/WindowsException'{0x0000000711c7aef0}> (0x0000000711c7aef0) 
thrown [s\open\src\hotspot\share\prims\jni.cpp, line 516]
Event: 117.287 Thread 0x0000024f7e2ce600 Exception <a 'sun/nio/fs/WindowsException'{0x000000071184cc98}> (0x000000071184cc98) 
thrown [s\open\src\hotspot\share\prims\jni.cpp, line 516]
Event: 117.287 Thread 0x0000024f7e2ce600 Exception <a 'sun/nio/fs/WindowsException'{0x000000071184d2b8}> (0x000000071184d2b8) 
thrown [s\open\src\hotspot\share\prims\jni.cpp, line 516]
Event: 117.579 Thread 0x0000024f7e2ce600 Exception <a 'sun/nio/fs/WindowsException'{0x00000007118d7590}> (0x00000007118d7590) 
thrown [s\open\src\hotspot\share\prims\jni.cpp, line 516]
Event: 117.579 Thread 0x0000024f7e2ce600 Exception <a 'sun/nio/fs/WindowsException'{0x00000007118d92d8}> (0x00000007118d92d8) 
thrown [s\open\src\hotspot\share\prims\jni.cpp, line 516]
Event: 117.597 Thread 0x0000024f7e2ce600 Exception <a 'sun/nio/fs/WindowsException'{0x000000071179ea28}> (0x000000071179ea28) 
thrown [s\open\src\hotspot\share\prims\jni.cpp, line 516]
Event: 117.603 Thread 0x0000024f7e2ce600 Exception <a 'sun/nio/fs/WindowsException'{0x00000007117a4278}> (0x00000007117a4278) 
thrown [s\open\src\hotspot\share\prims\jni.cpp, line 516]

VM Operations (20 events):
Event: 111.675 Executing VM operation: G1CollectForAllocation
Event: 111.688 Executing VM operation: G1CollectForAllocation done
Event: 112.696 Executing VM operation: Cleanup
Event: 112.696 Executing VM operation: Cleanup done
Event: 113.704 Executing VM operation: Cleanup
Event: 113.704 Executing VM operation: Cleanup done
Event: 114.716 Executing VM operation: Cleanup
Event: 114.733 Executing VM operation: Cleanup done
Event: 114.744 Executing VM operation: HandshakeAllThreads
Event: 114.812 Executing VM operation: HandshakeAllThreads done
Event: 115.113 Executing VM operation: HandshakeAllThreads
Event: 115.113 Executing VM operation: HandshakeAllThreads done
Event: 115.237 Executing VM operation: ICBufferFull
Event: 115.238 Executing VM operation: ICBufferFull done
Event: 116.251 Executing VM operation: Cleanup
Event: 116.267 Executing VM operation: Cleanup done
Event: 117.272 Executing VM operation: Cleanup
Event: 117.272 Executing VM operation: Cleanup done
Event: 118.273 Executing VM operation: Cleanup
Event: 118.363 Executing VM operation: Cleanup done

Events (20 events):
Event: 115.135 Thread 0x0000024f7c783290 flushing nmethod 0x0000024f6334b110
Event: 115.135 Thread 0x0000024f7c783290 flushing nmethod 0x0000024f6334d590
Event: 115.135 Thread 0x0000024f7c783290 flushing nmethod 0x0000024f6335e090
Event: 115.135 Thread 0x0000024f7c783290 flushing nmethod 0x0000024f63367e90
Event: 115.135 Thread 0x0000024f7c783290 flushing nmethod 0x0000024f633dcf90
Event: 115.135 Thread 0x0000024f7c783290 flushing nmethod 0x0000024f633e3010
Event: 115.135 Thread 0x0000024f7c783290 flushing nmethod 0x0000024f633fd190
Event: 115.136 Thread 0x0000024f7c783290 flushing nmethod 0x0000024f63482490
Event: 115.136 Thread 0x0000024f7c783290 flushing nmethod 0x0000024f6348df90
Event: 115.136 Thread 0x0000024f7c783290 flushing nmethod 0x0000024f634cdd10
Event: 115.138 Thread 0x0000024f7c783290 flushing nmethod 0x0000024f6374de10
Event: 115.138 Thread 0x0000024f7c783290 flushing nmethod 0x0000024f63754910
Event: 115.139 Thread 0x0000024f7c783290 flushing nmethod 0x0000024f637d4910
Event: 115.140 Thread 0x0000024f7c783290 flushing nmethod 0x0000024f63a18a10
Event: 115.140 Thread 0x0000024f7c783290 flushing nmethod 0x0000024f63a1cf10
Event: 115.140 Thread 0x0000024f7c783290 flushing nmethod 0x0000024f63a1fe10
Event: 115.143 Thread 0x0000024f7c783290 flushing nmethod 0x0000024f63d93610
Event: 115.333 Thread 0x0000024f54b808f0 Thread added: 0x0000024f54b808f0
Event: 115.833 Thread 0x0000024f54b808f0 Thread exited: 0x0000024f54b808f0
Event: 116.206 Thread 0x0000024f47908800 Thread added: 0x0000024f47908800


Dynamic libraries:
0x00007ff736630000 - 0x00007ff736640000 	C:\Program Files\Java\jdk-17\bin\java.exe
0x00007ffa87890000 - 0x00007ffa87a88000 	C:\WINDOWS\SYSTEM32\ntdll.dll
0x00007ffa868b0000 - 0x00007ffa86972000 	C:\WINDOWS\System32\KERNEL32.DLL
0x00007ffa854b0000 - 0x00007ffa857a6000 	C:\WINDOWS\System32\KERNELBASE.dll
0x00007ffa85180000 - 0x00007ffa85280000 	C:\WINDOWS\System32\ucrtbase.dll
0x00007ffa648b0000 - 0x00007ffa648c9000 	C:\Program Files\Java\jdk-17\bin\jli.dll
0x00007ffa87570000 - 0x00007ffa87621000 	C:\WINDOWS\System32\ADVAPI32.dll
0x00007ffa86050000 - 0x00007ffa860ee000 	C:\WINDOWS\System32\msvcrt.dll
0x00007ffa87630000 - 0x00007ffa876cf000 	C:\WINDOWS\System32\sechost.dll
0x00007ffa872e0000 - 0x00007ffa87400000 	C:\WINDOWS\System32\RPCRT4.dll
0x00007ffa85800000 - 0x00007ffa85827000 	C:\WINDOWS\System32\bcrypt.dll
0x00007ffa87050000 - 0x00007ffa871f1000 	C:\WINDOWS\System32\USER32.dll
0x00007ffa85280000 - 0x00007ffa852a2000 	C:\WINDOWS\System32\win32u.dll
0x00007ffa87820000 - 0x00007ffa8784b000 	C:\WINDOWS\System32\GDI32.dll
0x00007ffa84fb0000 - 0x00007ffa850c9000 	C:\WINDOWS\System32\gdi32full.dll
0x00007ffa64890000 - 0x00007ffa648ab000 	C:\Program Files\Java\jdk-17\bin\VCRUNTIME140.dll
0x00007ffa852b0000 - 0x00007ffa8534d000 	C:\WINDOWS\System32\msvcp_win.dll
0x00007ffa7f1c0000 - 0x00007ffa7f1ca000 	C:\WINDOWS\SYSTEM32\VERSION.dll
0x00007ffa706e0000 - 0x00007ffa7097b000 	C:\WINDOWS\WinSxS\amd64_microsoft.windows.common-controls_6595b64144ccf1df_6.0.19041.6456_none_60b8a6cb71f64256\COMCTL32.dll
0x00007ffa858b0000 - 0x00007ffa858df000 	C:\WINDOWS\System32\IMM32.DLL
0x00007ffa82330000 - 0x00007ffa8233c000 	C:\Program Files\Java\jdk-17\bin\vcruntime140_1.dll
0x00007ffa32b50000 - 0x00007ffa32bde000 	C:\Program Files\Java\jdk-17\bin\msvcp140.dll
0x00007ffa0d5b0000 - 0x00007ffa0e190000 	C:\Program Files\Java\jdk-17\bin\server\jvm.dll
0x00007ffa87560000 - 0x00007ffa87568000 	C:\WINDOWS\System32\PSAPI.DLL
0x00007ffa647a0000 - 0x00007ffa647a9000 	C:\WINDOWS\SYSTEM32\WSOCK32.dll
0x00007ffa86bc0000 - 0x00007ffa86c2b000 	C:\WINDOWS\System32\WS2_32.dll
0x00007ffa7a940000 - 0x00007ffa7a967000 	C:\WINDOWS\SYSTEM32\WINMM.dll
0x00007ffa82d70000 - 0x00007ffa82d82000 	C:\WINDOWS\SYSTEM32\kernel.appcore.dll
0x00007ffa64790000 - 0x00007ffa6479a000 	C:\Program Files\Java\jdk-17\bin\jimage.dll
0x00007ffa5f580000 - 0x00007ffa5f781000 	C:\WINDOWS\SYSTEM32\DBGHELP.DLL
0x00007ffa63af0000 - 0x00007ffa63b24000 	C:\WINDOWS\SYSTEM32\dbgcore.DLL
0x00007ffa84f20000 - 0x00007ffa84fa2000 	C:\WINDOWS\System32\bcryptPrimitives.dll
0x00007ffa59f80000 - 0x00007ffa59f8e000 	C:\Program Files\Java\jdk-17\bin\instrument.dll
0x00007ffa5a900000 - 0x00007ffa5a925000 	C:\Program Files\Java\jdk-17\bin\java.dll
0x00007ffa32640000 - 0x00007ffa32717000 	C:\Program Files\Java\jdk-17\bin\jsvml.dll
0x00007ffa858e0000 - 0x00007ffa86050000 	C:\WINDOWS\System32\SHELL32.dll
0x00007ffa82f70000 - 0x00007ffa83715000 	C:\WINDOWS\SYSTEM32\windows.storage.dll
0x00007ffa86c30000 - 0x00007ffa86f84000 	C:\WINDOWS\System32\combase.dll
0x00007ffa84790000 - 0x00007ffa847bb000 	C:\WINDOWS\SYSTEM32\Wldp.dll
0x00007ffa87490000 - 0x00007ffa8755d000 	C:\WINDOWS\System32\OLEAUT32.dll
0x00007ffa86a90000 - 0x00007ffa86b3d000 	C:\WINDOWS\System32\SHCORE.dll
0x00007ffa86f90000 - 0x00007ffa86feb000 	C:\WINDOWS\System32\shlwapi.dll
0x00007ffa84e50000 - 0x00007ffa84e74000 	C:\WINDOWS\SYSTEM32\profapi.dll
0x00007ffa59e10000 - 0x00007ffa59e28000 	C:\Program Files\Java\jdk-17\bin\zip.dll
0x00007ffa60470000 - 0x00007ffa60489000 	C:\Program Files\Java\jdk-17\bin\net.dll
0x00007ffa7e690000 - 0x00007ffa7e79a000 	C:\WINDOWS\SYSTEM32\WINHTTP.dll
0x00007ffa84570000 - 0x00007ffa845da000 	C:\WINDOWS\system32\mswsock.dll
0x00007ffa5a8e0000 - 0x00007ffa5a8f6000 	C:\Program Files\Java\jdk-17\bin\nio.dll
0x00007ffa58550000 - 0x00007ffa58560000 	C:\Program Files\Java\jdk-17\bin\verify.dll
0x00007ffa5d380000 - 0x00007ffa5d3a7000 	C:\Users\Eduardo12B\.gradle\native\1def1411415f61bf3af743bc5b6707747c0891f09f0c88961ee8f79bc544acac\windows-amd64\native-platform.dll
0x00007ffa59e30000 - 0x00007ffa59ea8000 	C:\Users\Eduardo12B\.gradle\native\0.2.6\x86_64-windows-gnu\gradle-fileevents.dll
0x00007ffa5a8d0000 - 0x00007ffa5a8da000 	C:\Program Files\Java\jdk-17\bin\management.dll
0x00007ffa5a180000 - 0x00007ffa5a18b000 	C:\Program Files\Java\jdk-17\bin\management_ext.dll
0x00007ffa84270000 - 0x00007ffa842ab000 	C:\WINDOWS\SYSTEM32\IPHLPAPI.DLL
0x00007ffa86b40000 - 0x00007ffa86b48000 	C:\WINDOWS\System32\NSI.dll
0x00007ffa7f350000 - 0x00007ffa7f367000 	C:\WINDOWS\SYSTEM32\dhcpcsvc6.DLL
0x00007ffa7f2f0000 - 0x00007ffa7f30d000 	C:\WINDOWS\SYSTEM32\dhcpcsvc.DLL
0x00007ffa842b0000 - 0x00007ffa8437a000 	C:\WINDOWS\SYSTEM32\DNSAPI.dll
0x00007ffa84b50000 - 0x00007ffa84b68000 	C:\WINDOWS\SYSTEM32\CRYPTSP.dll
0x00007ffa83eb0000 - 0x00007ffa83ee8000 	C:\WINDOWS\system32\rsaenh.dll
0x00007ffa84e10000 - 0x00007ffa84e3e000 	C:\WINDOWS\SYSTEM32\USERENV.dll
0x00007ffa84700000 - 0x00007ffa8470c000 	C:\WINDOWS\SYSTEM32\CRYPTBASE.dll
0x00007ffa59f10000 - 0x00007ffa59f1e000 	C:\Program Files\Java\jdk-17\bin\sunmscapi.dll
0x00007ffa85350000 - 0x00007ffa854ad000 	C:\WINDOWS\System32\CRYPT32.dll
0x00007ffa84800000 - 0x00007ffa84827000 	C:\WINDOWS\SYSTEM32\ncrypt.dll
0x00007ffa847c0000 - 0x00007ffa847fb000 	C:\WINDOWS\SYSTEM32\NTASN1.dll
0x00007ffa60430000 - 0x00007ffa60437000 	C:\WINDOWS\system32\wshunix.dll
0x00007ffa84100000 - 0x00007ffa84133000 	C:\WINDOWS\SYSTEM32\ntmarta.dll

dbghelp: loaded successfully - version: 4.0.5 - missing functions: none
symbol engine: initialized successfully - sym options: 0x614 - pdb path: .;C:\Program Files\Java\jdk-17\bin;C:\WINDOWS\SYSTEM32;C:\WINDOWS\WinSxS\amd64_microsoft.windows.common-controls_6595b64144ccf1df_6.0.19041.6456_none_60b8a6cb71f64256;C:\Program Files\Java\jdk-17\bin\server;C:\Users\Eduardo12B\.gradle\native\1def1411415f61bf3af743bc5b6707747c0891f09f0c88961ee8f79bc544acac\windows-amd64;C:\Users\Eduardo12B\.gradle\native\0.2.6\x86_64-windows-gnu

VM Arguments:
jvm_args: --add-opens=java.base/java.lang=ALL-UNNAMED --add-opens=java.base/java.lang.invoke=ALL-UNNAMED --add-opens=java.base/java.util=ALL-UNNAMED --add-opens=java.prefs/java.util.prefs=ALL-UNNAMED --add-exports=jdk.compiler/com.sun.tools.javac.api=ALL-UNNAMED --add-exports=jdk.compiler/com.sun.tools.javac.util=ALL-UNNAMED --add-opens=java.base/java.util=ALL-UNNAMED --add-opens=java.prefs/java.util.prefs=ALL-UNNAMED --add-opens=java.base/java.nio.charset=ALL-UNNAMED --add-opens=java.base/java.net=ALL-UNNAMED --add-opens=java.base/java.util.concurrent.atomic=ALL-UNNAMED --add-opens=java.xml/javax.xml.namespace=ALL-UNNAMED -Xmx4G -Dfile.encoding=UTF-8 -Duser.country=BR -Duser.language=pt -Duser.variant -javaagent:C:\Users\Eduardo12B\.gradle\wrapper\dists\gradle-8.12.1-bin\eumc4uhoysa37zql93vfjkxy0\gradle-8.12.1\lib\agents\gradle-instrumentation-agent-8.12.1.jar 
java_command: org.gradle.launcher.daemon.bootstrap.GradleDaemon 8.12.1
java_class_path (initial): C:\Users\Eduardo12B\.gradle\wrapper\dists\gradle-8.12.1-bin\eumc4uhoysa37zql93vfjkxy0\gradle-8.12.1\lib\gradle-daemon-main-8.12.1.jar
Launcher Type: SUN_STANDARD

[Global flags]
     intx CICompilerCount                          = 3                                         {product} {ergonomic}
     uint ConcGCThreads                            = 1                                         {product} {ergonomic}
     uint G1ConcRefinementThreads                  = 4                                         {product} {ergonomic}
   size_t G1HeapRegionSize                         = 2097152                                   {product} {ergonomic}
    uintx GCDrainStackTargetSize                   = 64                                        {product} {ergonomic}
   size_t InitialHeapSize                          = 134217728                                 {product} {ergonomic}
   size_t MarkStackSize                            = 4194304                                   {product} {ergonomic}
   size_t MaxHeapSize                              = 4294967296                                {product} {command line}
   size_t MaxNewSize                               = 2575302656                                {product} {ergonomic}
   size_t MinHeapDeltaBytes                        = 2097152                                   {product} {ergonomic}
   size_t MinHeapSize                              = 8388608                                   {product} {ergonomic}
    uintx NonNMethodCodeHeapSize                   = 5832780                                {pd product} {ergonomic}
    uintx NonProfiledCodeHeapSize                  = 122912730                              {pd product} {ergonomic}
    uintx ProfiledCodeHeapSize                     = 122912730                              {pd product} {ergonomic}
    uintx ReservedCodeCacheSize                    = 251658240                              {pd product} {ergonomic}
     bool SegmentedCodeCache                       = true                                      {product} {ergonomic}
   size_t SoftMaxHeapSize                          = 4294967296                             {manageable} {ergonomic}
     bool UseCompressedClassPointers               = true                           {product lp64_product} {ergonomic}
     bool UseCompressedOops                        = true                           {product lp64_product} {ergonomic}
     bool UseG1GC                                  = true                                      {product} {ergonomic}
     bool UseLargePagesIndividualAllocation        = false                                  {pd product} {ergonomic}

Logging:
Log output configuration:
 #0: stdout all=warning uptime,level,tags
 #1: stderr all=off uptime,level,tags

Environment Variables:
PATH=C:\Program Files (x86)\Common Files\Intel\Shared Libraries\redist\intel64_win\compiler;C:\Program Files\Common Files\Oracle\Java\javapath;C:\ProgramData\Oracle\Java\javapath;C:\WINDOWS\system32;C:\WINDOWS;C:\WINDOWS\System32\Wbem;C:\WINDOWS\System32\WindowsPowerShell\v1.0\;C:\WINDOWS\System32\OpenSSH\;C:\Program Files\nodejs\;C:\Program Files\Git\cmd;C:\Program Files\apache-maven-3.9.9\bin;C:\Program Files\dotnet\;C:\Program Files (x86)\NVIDIA Corporation\PhysX\Common;C:\Program Files\NVIDIA Corporation\NVIDIA NvDLISR;C:\Program Files\PuTTY\;C:\Users\Eduardo12B\AppData\Local\Programs\Python\Launcher\;C:\Users\Eduardo12B\AppData\Local\Microsoft\WindowsApps;C:\Users\Eduardo12B\AppData\Roaming\npm;C:\Users\Eduardo12B\AppData\Local\Programs\Microsoft VS Code\bin;C:\Users\Eduardo12B\AppData\Local\GitHubDesktop\bin;C:\Users\Eduardo12B\AppData\Local\Programs\Antigravity\bin;C:\Users\Eduardo12B\.dotnet\tools
USERNAME=Eduardo12B
OS=Windows_NT
PROCESSOR_IDENTIFIER=Intel64 Family 6 Model 158 Stepping 9, GenuineIntel



---------------  S Y S T E M  ---------------

OS:
 Windows 10 , 64 bit Build 19041 (10.0.19041.5915)
OS uptime: 0 days 3:05 hours
Hyper-V role detected

CPU: total 4 (initial active 4) (4 cores per cpu, 2 threads per core) family 6 model 158 stepping 9 microcode 0xb4, cx8, cmov, fxsr, ht, mmx, 3dnowpref, sse, sse2, sse3, ssse3, sse4.1, sse4.2, popcnt, lzcnt, tsc, tscinvbit, avx, avx2, aes, erms, clmul, bmi1, bmi2, rtm, adx, fma, vzeroupper, clflush, clflushopt, hv

Memory: 4k page, system-wide physical 8151M (385M free)
TotalPageFile size 16343M (AvailPageFile size 2M)
current process WorkingSet (physical memory assigned to process): 552M, peak: 728M
current process commit charge ("private bytes"): 775M, peak: 792M

vm_info: Java HotSpot(TM) 64-Bit Server VM (17.0.12+8-LTS-286) for windows-amd64 JRE (17.0.12+8-LTS-286), built on Jun  5 2024 06:46:59 by "mach5one" with MS VC++ 17.6 (VS2022)

END.
